<<<<<<< HEAD
This is pdfTeX, Version 3.14159265-2.6-1.40.20 (TeX Live 2019/Debian) (preloaded format=pdflatex 2021.10.5)  15 FEB 2022 22:40
=======
This is pdfTeX, Version 3.14159265-2.6-1.40.20 (TeX Live 2019/Debian) (preloaded format=pdflatex 2021.10.5)  2 MAY 2022 09:39
>>>>>>> 1f22df0... tentando ajeitar tudo
entering extended mode
 restricted \write18 enabled.
 %&-line parsing enabled.
**ProjetoProduto.tex
(./ProjetoProduto.tex
LaTeX2e <2020-02-02> patch level 2
L3 programming layer <2020-02-14>
(/usr/share/texlive/texmf-dist/tex/latex/abntex2/abntex2.cls
Document Class: abntex2 2018/11/24 v-1.9.7 abnTeX2
(/usr/share/texlive/texmf-dist/tex/latex/base/ifthen.sty
Package: ifthen 2014/09/29 v1.1c Standard LaTeX ifthen package (DPC)
)
(/usr/share/texlive/texmf-dist/tex/latex/memoir/memoir.cls
Document Class: memoir 2019/11/21 v3.7j configurable book, report, article docu
ment class
\onelineskip=\skip47
\lxvchars=\skip48
\xlvchars=\skip49
\@memcnta=\count167
\c@@memmarkcntra=\count168
LaTeX Info: Redefining \InputIfFileExists on input line 140.
(/usr/share/texlive/texmf-dist/tex/generic/iftex/iftex.sty
Package: iftex 2019/11/07 v1.0c TeX engine tests
)
\stockheight=\skip50
\stockwidth=\skip51
\trimtop=\skip52
\trimedge=\skip53

(/usr/share/texlive/texmf-dist/tex/latex/memoir/mem12.clo
File: mem12.clo 2010/10/19 v0.4b memoir class 12pt size option
)
\binding=\skip54
\spinemargin=\skip55
\foremargin=\skip56
\uppermargin=\skip57
\lowermargin=\skip58
\headdrop=\skip59
\normalrulethickness=\skip60
\mem@maxheadheight=\skip61
\mem@maxfootheight=\skip62
\headwidth=\skip63
\c@storedpagenumber=\count169
\memPD=\dimen134
\m@mabparskip=\skip64
\thanksmarkwidth=\skip65
\thanksmarksep=\skip66
\droptitle=\skip67
\c@book=\count170
\c@part=\count171
\c@chapter=\count172
\c@section=\count173
\c@subsection=\count174
\c@subsubsection=\count175
\c@paragraph=\count176
\c@subparagraph=\count177
\beforechapskip=\skip68
\midchapskip=\skip69
\afterchapskip=\skip70
\chapindent=\skip71
\bottomsectionskip=\skip72
\secindent=\skip73
\beforesecskip=\skip74
\aftersecskip=\skip75
\subsecindent=\skip76
\beforesubsecskip=\skip77
\aftersubsecskip=\skip78
\subsubsecindent=\skip79
\beforesubsubsecskip=\skip80
\aftersubsubsecskip=\skip81
\paraindent=\skip82
\beforeparaskip=\skip83
\afterparaskip=\skip84
\subparaindent=\skip85
\beforesubparaskip=\skip86
\aftersubparaskip=\skip87
\pfbreakskip=\skip88
\c@@ppsavesec=\count178
\c@@ppsaveapp=\count179
\ragrparindent=\dimen135
\everylistparindent=\dimen136
\parsepi=\skip89
\topsepi=\skip90
\itemsepi=\skip91
\parsepii=\skip92
\topsepii=\skip93
\topsepiii=\skip94
\itemsepii=\skip95
\itemsepiii=\skip96
\partopsepii=\skip97
\partopsepiii=\skip98
\m@msavetopsep=\skip99
\m@msavepartopsep=\skip100
\@enLab=\toks14
\abstitleskip=\skip101
\absleftindent=\skip102
\abs@leftindent=\dimen137
\absrightindent=\skip103
\absparindent=\skip104
\absparsep=\skip105
\c@vslineno=\count180
\c@poemline=\count181
\c@modulo@vs=\count182
\c@memfvsline=\count183
\vleftskip=\skip106
\vrightskip=\skip107
\stanzaskip=\skip108
\versewidth=\skip109
\vgap=\skip110
\vindent=\skip111
\vleftmargin=\dimen138
\c@verse=\count184
\c@chrsinstr=\count185
\beforepoemtitleskip=\skip112
\afterpoemtitleskip=\skip113
\c@poem=\count186
\beforePoemTitleskip=\skip114
\midPoemTitleskip=\skip115
\afterPoemTitleskip=\skip116

(/usr/share/texlive/texmf-dist/tex/latex/tools/array.sty
Package: array 2019/08/31 v2.4l Tabular extension package (FMi)
\col@sep=\dimen139
\ar@mcellbox=\box45
\extrarowheight=\dimen140
\NC@list=\toks15
\extratabsurround=\skip117
\backup@length=\skip118
\ar@cellbox=\box46
)
(/usr/share/texlive/texmf-dist/tex/latex/tools/dcolumn.sty
Package: dcolumn 2014/10/28 v1.06 decimal alignment package (DPC)
)
(/usr/share/texlive/texmf-dist/tex/latex/tools/delarray.sty
Package: delarray 2014/10/28 v1.01 array delimiter package (DPC)
)
(/usr/share/texlive/texmf-dist/tex/latex/tools/tabularx.sty
Package: tabularx 2020/01/15 v2.11c `tabularx' package (DPC)
\TX@col@width=\dimen141
\TX@old@table=\dimen142
\TX@old@col=\dimen143
\TX@target=\dimen144
\TX@delta=\dimen145
\TX@cols=\count187
\TX@ftn=\toks16
)
\heavyrulewidth=\dimen146
\lightrulewidth=\dimen147
\cmidrulewidth=\dimen148
\belowrulesep=\dimen149
\belowbottomsep=\dimen150
\aboverulesep=\dimen151
\abovetopsep=\dimen152
\cmidrulesep=\dimen153
\cmidrulekern=\dimen154
\defaultaddspace=\dimen155
\@cmidla=\count188
\@cmidlb=\count189
\@aboverulesep=\dimen156
\@belowrulesep=\dimen157
\@thisruleclass=\count190
\@lastruleclass=\count191
\@thisrulewidth=\dimen158
\ctableftskip=\skip119
\ctabrightskip=\skip120
\abovecolumnspenalty=\count192
\@linestogo=\count193
\@cellstogo=\count194
\@cellsincolumn=\count195
\crtok=\toks17
\@mincolumnwidth=\dimen159
\c@newflo@tctr=\count196
\mem@margin@floatbox=\box47
\@contcwidth=\skip121
\@contindw=\skip122
\abovecaptionskip=\skip123
\belowcaptionskip=\skip124
\subfloattopskip=\skip125
\subfloatcapskip=\skip126
\subfloatcaptopadj=\skip127
\subfloatbottomskip=\skip128
\subfloatlabelskip=\skip129
\subfloatcapmargin=\dimen160
\c@@contsubnum=\count197
\m@mscap@capbox=\box48
\m@mscap@fbox=\box49
\sidecapsep=\dimen161
\sidecapwidth=\dimen162
\m@m@tempdima=\dimen163
\m@mscapraise=\dimen164
\sidecapraise=\dimen165
\m@mscapmainwidth=\dimen166
\m@mscaplkern=\dimen167
\beforeepigraphskip=\skip130
\afterepigraphskip=\skip131
\epigraphwidth=\skip132
\epigraphrule=\skip133
LaTeX Info: Redefining \em on input line 7662.
LaTeX Info: Redefining \emph on input line 7670.
\tocentryskip=\skip134
\tocbaseline=\skip135
\cftparskip=\skip136
\cftbeforebookskip=\skip137
\cftbookindent=\dimen168
\cftbooknumwidth=\dimen169
\cftbeforepartskip=\skip138
\cftpartindent=\skip139
\cftpartnumwidth=\skip140
\cftbeforechapterskip=\skip141
\cftchapterindent=\skip142
\cftchapternumwidth=\skip143
\cftbeforesectionskip=\skip144
\cftsectionindent=\skip145
\cftsectionnumwidth=\skip146
\cftbeforesubsectionskip=\skip147
\cftsubsectionindent=\skip148
\cftsubsectionnumwidth=\skip149
\cftbeforesubsubsectionskip=\skip150
\cftsubsubsectionindent=\skip151
\cftsubsubsectionnumwidth=\skip152
\cftbeforeparagraphskip=\skip153
\cftparagraphindent=\skip154
\cftparagraphnumwidth=\skip155
\cftbeforesubparagraphskip=\skip156
\cftsubparagraphindent=\skip157
\cftsubparagraphnumwidth=\skip158
\prechapterprecisshift=\dimen170
\c@maxsecnumdepth=\count198
\bibindent=\dimen171
\bibitemsep=\skip159
\indexcolsep=\skip160
\indexrule=\skip161
\indexmarkstyle=\toks18
\@indexbox=\insert199
\glossarycolsep=\dimen172
\glossaryrule=\dimen173
\sideparvshift=\skip162
\sideins=\insert252
\sidebartopsep=\skip163
\sidebarhsep=\skip164
\sidebarvsep=\skip165
\sidebarwidth=\skip166
\footmarkwidth=\skip167
\footmarksep=\skip168
\footparindent=\skip169
\footinsdim=\skip170
\footinsv@r=\insert251
\@mpfootinsv@r=\insert250
\m@m@k=\count266
\m@m@h=\dimen174
\m@mipn@skip=\skip171
\sidefootins=\insert249
\sidefootadjust=\skip172
\sidefootheight=\skip173
\sidefoothsep=\skip174
\sidefootvsep=\skip175
\sidefootwidth=\skip176
\m@mdownsf=\skip177
\c@sidefootnote=\count267
\sidefootmarkwidth=\skip178
\sidefootmarksep=\skip179
\sidefootparindent=\skip180
\c@pagenote=\count268
\c@pagenoteshadow=\count269
\mem@pn@lastkern=\skip181
\every@verbatim=\toks19
\afterevery@verbatim=\toks20
\verbatim@line=\toks21
\tab@position=\count270
\verbatim@in@stream=\read2
\verbatimindent=\skip182
\verbatim@out=\write3
\bvboxsep=\skip183
\c@memfbvline=\count271
\c@bvlinectr=\count272
\bvnumlength=\skip184
\fb@frw=\dimen175
\fb@frh=\dimen176
\FrameRule=\dimen177
\FrameSep=\dimen178
\c@cp@cntr=\count273
LaTeX Info: Redefining \: on input line 12187.
LaTeX Info: Redefining \! on input line 12189.
\c@ism@mctr=\count274
\c@xsm@mctr=\count275
\c@csm@mctr=\count276
\c@ksm@mctr=\count277
\c@xksm@mctr=\count278
\c@cksm@mctr=\count279
\c@msm@mctr=\count280
\c@xmsm@mctr=\count281
\c@cmsm@mctr=\count282
\c@bsm@mctr=\count283
\c@workm@mctr=\count284
\c@sheetsequence=\count285
\c@lastsheet=\count286
\c@lastpage=\count287

(/usr/share/texlive/texmf-dist/tex/latex/textcase/textcase.sty
Package: textcase 2019/09/14 v1.00 Text only upper/lower case changing (DPC)
)
\c@figure=\count288
\c@lofdepth=\count289
\cftbeforefigureskip=\skip185
\cftfigureindent=\skip186
\cftfigurenumwidth=\skip187
\c@table=\count290
\c@lotdepth=\count291
\cftbeforetableskip=\skip188
\cfttableindent=\skip189
\cfttablenumwidth=\skip190
Package abstract [2008/07/23] emulated by memoir.
Package appendix [2008/07/23] emulated by memoir.
Package booktabs [2016/05/16] emulated by memoir.
Package ccaption [2008/07/23] emulated by memoir.
Package changepage [2008/07/23] emulated by memoir.
Package chngcntr [2008/07/23] emulated by memoir.
Package chngpage [2008/07/23] emulated by memoir.
Package crop emulated by memoir.
Package enumerate [2008/07/23] emulated by memoir.
Package epigraph [2008/07/23] emulated by memoir.
Package ifmtarg [2008/07/23] emulated by memoir.
Package index [2008/07/23] emulated by memoir.
Package makeidx [2008/07/23] emulated by memoir.
Package moreverb [2008/07/23] emulated by memoir.
Package mparhack [2008/07/23] emulated by memoir.
Package needspace [2008/07/23] emulated by memoir.
Package newfile [2008/07/23] emulated by memoir.
Package nextpage [2008/07/23] emulated by memoir.
Package pagenote [2008/07/23] emulated by memoir.
Package parskip [2008/07/23] emulated by memoir.
Package patchcmd [2008/07/23] emulated by memoir.
Package setspace [2008/07/23] emulated by memoir.
Package shortvrb [2008/07/23] emulated by memoir.
Package showidx [2008/07/23] emulated by memoir.
Package titleref [2008/07/23] emulated by memoir.
Package titling [2008/07/23] emulated by memoir.
Package tocbibind [2008/07/23] emulated by memoir.
Package tocloft [2008/07/23] emulated by memoir.
Package tocvsec2 [2008/07/23] emulated by memoir.
Package verbatim [2008/07/23] emulated by memoir.
Package verse [2008/07/23] emulated by memoir.
)
(/usr/share/texlive/texmf-dist/tex/latex/hyperref/hyperref.sty
Package: hyperref 2020/01/14 v7.00d Hypertext links for LaTeX

(/usr/share/texlive/texmf-dist/tex/generic/ltxcmds/ltxcmds.sty
Package: ltxcmds 2019/12/15 v1.24 LaTeX kernel commands for general use (HO)
)
(/usr/share/texlive/texmf-dist/tex/latex/pdftexcmds/pdftexcmds.sty
Package: pdftexcmds 2019/11/24 v0.31 Utility functions of pdfTeX for LuaTeX (HO
)

(/usr/share/texlive/texmf-dist/tex/generic/infwarerr/infwarerr.sty
Package: infwarerr 2019/12/03 v1.5 Providing info/warning/error messages (HO)
)
Package pdftexcmds Info: \pdf@primitive is available.
Package pdftexcmds Info: \pdf@ifprimitive is available.
Package pdftexcmds Info: \pdfdraftmode found.
)
(/usr/share/texlive/texmf-dist/tex/latex/graphics/keyval.sty
Package: keyval 2014/10/28 v1.15 key=value parser (DPC)
\KV@toks@=\toks22
)
(/usr/share/texlive/texmf-dist/tex/generic/kvsetkeys/kvsetkeys.sty
Package: kvsetkeys 2019/12/15 v1.18 Key value parser (HO)
)
(/usr/share/texlive/texmf-dist/tex/generic/kvdefinekeys/kvdefinekeys.sty
Package: kvdefinekeys 2019-12-19 v1.6 Define keys (HO)
)
(/usr/share/texlive/texmf-dist/tex/generic/pdfescape/pdfescape.sty
Package: pdfescape 2019/12/09 v1.15 Implements pdfTeX's escape features (HO)
)
(/usr/share/texlive/texmf-dist/tex/latex/hycolor/hycolor.sty
Package: hycolor 2020-01-27 v1.10 Color options for hyperref/bookmark (HO)
)
(/usr/share/texlive/texmf-dist/tex/latex/letltxmacro/letltxmacro.sty
Package: letltxmacro 2019/12/03 v1.6 Let assignment for LaTeX macros (HO)
)
(/usr/share/texlive/texmf-dist/tex/latex/auxhook/auxhook.sty
Package: auxhook 2019-12-17 v1.6 Hooks for auxiliary files (HO)
)
(/usr/share/texlive/texmf-dist/tex/latex/kvoptions/kvoptions.sty
Package: kvoptions 2019/11/29 v3.13 Key value format for package options (HO)
)
\@linkdim=\dimen179
\Hy@linkcounter=\count292
\Hy@pagecounter=\count293

(/usr/share/texlive/texmf-dist/tex/latex/hyperref/pd1enc.def
File: pd1enc.def 2020/01/14 v7.00d Hyperref: PDFDocEncoding definition (HO)
Now handling font encoding PD1 ...
... no UTF-8 mapping file for font encoding PD1
)
(/usr/share/texlive/texmf-dist/tex/generic/intcalc/intcalc.sty
Package: intcalc 2019/12/15 v1.3 Expandable calculations with integers (HO)
)
(/usr/share/texlive/texmf-dist/tex/generic/etexcmds/etexcmds.sty
Package: etexcmds 2019/12/15 v1.7 Avoid name clashes with e-TeX commands (HO)
)
\Hy@SavedSpaceFactor=\count294
\pdfmajorversion=\count295
Package hyperref Info: Hyper figures OFF on input line 4547.
Package hyperref Info: Link nesting OFF on input line 4552.
Package hyperref Info: Hyper index ON on input line 4555.
Package hyperref Info: Plain pages OFF on input line 4562.
Package hyperref Info: Backreferencing OFF on input line 4567.
Package hyperref Info: Implicit mode ON; LaTeX internals redefined.
Package hyperref Info: Bookmarks ON on input line 4800.
\c@Hy@tempcnt=\count296

(/usr/share/texlive/texmf-dist/tex/latex/url/url.sty
\Urlmuskip=\muskip16
Package: url 2013/09/16  ver 3.4  Verb mode for urls, etc.
)
LaTeX Info: Redefining \url on input line 5159.
\XeTeXLinkMargin=\dimen180

(/usr/share/texlive/texmf-dist/tex/generic/bitset/bitset.sty
Package: bitset 2019/12/09 v1.3 Handle bit-vector datatype (HO)

(/usr/share/texlive/texmf-dist/tex/generic/bigintcalc/bigintcalc.sty
Package: bigintcalc 2019/12/15 v1.5 Expandable calculations on big integers (HO
)
))
\Fld@menulength=\count297
\Field@Width=\dimen181
\Fld@charsize=\dimen182
Package hyperref Info: Hyper figures OFF on input line 6430.
Package hyperref Info: Link nesting OFF on input line 6435.
Package hyperref Info: Hyper index ON on input line 6438.
Package hyperref Info: backreferencing OFF on input line 6445.
Package hyperref Info: Link coloring OFF on input line 6450.
Package hyperref Info: Link coloring with OCG OFF on input line 6455.
Package hyperref Info: PDF/A mode OFF on input line 6460.
LaTeX Info: Redefining \ref on input line 6500.
LaTeX Info: Redefining \pageref on input line 6504.

(/usr/share/texlive/texmf-dist/tex/generic/atbegshi/atbegshi.sty
Package: atbegshi 2019/12/05 v1.19 At begin shipout hook (HO)
)
\Hy@abspage=\count298
\c@Item=\count299
\c@Hfootnote=\count300
)
(/usr/share/texlive/texmf-dist/tex/latex/memoir/memhfixc.sty
Package: memhfixc 2019/10/24 v1.18 nameref/hyperref package fixes for memoir cl
ass
\c@memhycontfloat=\count301
\c@Hpagenote=\count302
)
Package hyperref Info: Driver (autodetected): hpdftex.

(/usr/share/texlive/texmf-dist/tex/latex/hyperref/hpdftex.def
File: hpdftex.def 2020/01/14 v7.00d Hyperref driver for pdfTeX

(/usr/share/texlive/texmf-dist/tex/latex/atveryend/atveryend.sty
Package: atveryend 2019-12-11 v1.11 Hooks at the very end of document (HO)
Package atveryend Info: \enddocument detected (standard20110627).
)
\Fld@listcount=\count303
\c@bookmark@seq@number=\count304

(/usr/share/texlive/texmf-dist/tex/latex/rerunfilecheck/rerunfilecheck.sty
Package: rerunfilecheck 2019/12/05 v1.9 Rerun checks for auxiliary files (HO)

(/usr/share/texlive/texmf-dist/tex/generic/uniquecounter/uniquecounter.sty
Package: uniquecounter 2019/12/15 v1.4 Provide unlimited unique counter (HO)
)
Package uniquecounter Info: New unique counter `rerunfilecheck' on input line 2
86.
)
\Hy@SectionHShift=\skip191
)
(/usr/share/texlive/texmf-dist/tex/latex/bookmark/bookmark.sty
Package: bookmark 2019/12/03 v1.28 PDF bookmarks (HO)

(/usr/share/texlive/texmf-dist/tex/latex/bookmark/bkm-pdftex.def
File: bkm-pdftex.def 2019/12/03 v1.28 bookmark driver for pdfTeX (HO)
\BKM@id=\count305
))
(/usr/share/texlive/texmf-dist/tex/generic/babel/babel.sty
Package: babel 2020/02/14 3.40 The Babel package

(/usr/share/texlive/texmf-dist/tex/generic/babel/switch.def
File: switch.def 2020/02/14 3.40 Babel switching mechanism
)
(/usr/share/texlive/texmf-dist/tex/generic/babel-english/english.ldf
Language: english 2017/06/06 v3.3r English support from the babel system

(/usr/share/texlive/texmf-dist/tex/generic/babel/babel.def
File: babel.def 2020/02/14 3.40 Babel common definitions
\babel@savecnt=\count306
\U@D=\dimen183

(/usr/share/texlive/texmf-dist/tex/generic/babel/txtbabel.def)
\bbl@readstream=\read3
\bbl@dirlevel=\count307
)
Package babel Info: \l@canadian = using hyphenrules for english
(babel)             (\language0) on input line 102.
Package babel Info: \l@australian = using hyphenrules for ukenglish
(babel)             (\language37) on input line 105.
Package babel Info: \l@newzealand = using hyphenrules for ukenglish
(babel)             (\language37) on input line 108.
)
(/usr/share/texlive/texmf-dist/tex/generic/babel-french/french.ldf
Language: french 2020/01/30 v3.5g French support from the babel system
Package babel Info: \l@acadian = using hyphenrules for french
(babel)             (\language66) on input line 91.
Package babel Info: \l@canadien = using hyphenrules for french
(babel)             (\language66) on input line 92.
\FB@nonchar=\count308
Package babel Info: Making : an active character on input line 419.
Package babel Info: Making ; an active character on input line 420.
Package babel Info: Making ! an active character on input line 421.
Package babel Info: Making ? an active character on input line 422.
\FBguill@level=\count309
\FBold@everypar=\toks23
\FB@Mht=\dimen184
\mc@charclass=\count310
\mc@charfam=\count311
\mc@charslot=\count312
\std@mcc=\count313
\dec@mcc=\count314
\c@FBcaption@count=\count315
\listindentFB=\dimen185
\descindentFB=\dimen186
\labelindentFB=\dimen187
\labelwidthFB=\dimen188
\leftmarginFB=\dimen189
\parindentFFN=\dimen190
\FBfnindent=\dimen191
)
(/usr/share/texlive/texmf-dist/tex/generic/babel-spanish/spanish.ldf
Language: spanish.ldf 2016/03/03 v5.0p Spanish support from the babel system
\es@quottoks=\toks24
\es@quotdepth=\count316
Package babel Info: Making " an active character on input line 561.
Package babel Info: Making . an active character on input line 662.
Package babel Info: Making < an active character on input line 707.
Package babel Info: Making > an active character on input line 707.
)
(/usr/share/texlive/texmf-dist/tex/generic/babel-portuges/portuges.ldf
Language: portuges 2008/03/18 v1.2q Portuguese support from the babel system
Package babel Info: \l@brazil = using hyphenrules for portuguese
(babel)             (\language38) on input line 113.
))
(/usr/share/texlive/texmf-dist/tex/latex/carlisle/scalefnt.sty)
(/usr/share/texlive/texmf-dist/tex/latex/enumitem/enumitem.sty
Package: enumitem 2019/06/20 v3.9 Customized lists
\labelindent=\skip192
\enit@outerparindent=\dimen192
\enit@toks=\toks25
\enit@inbox=\box50
\enit@count@id=\count317
\enitdp@description=\count318
)
(/usr/share/texlive/texmf-dist/tex/latex/tools/calc.sty
Package: calc 2017/05/25 v4.3 Infix arithmetic (KKT,FJ)
\calc@Acount=\count319
\calc@Bcount=\count320
\calc@Adimen=\dimen193
\calc@Bdimen=\dimen194
\calc@Askip=\skip193
\calc@Bskip=\skip194
LaTeX Info: Redefining \setlength on input line 80.
LaTeX Info: Redefining \addtolength on input line 81.
\calc@Ccount=\count321
\calc@Cskip=\skip195
)

******************************************************
Stock height and width: 845.04684pt by 597.50787pt
Top and edge trims: 0pt and 0pt
Page height and width: 845.04684pt by 597.50787pt
Text height and width: 708pt by 455pt
Spine and edge margins: 85.35826pt and 56.9055pt
Upper and lower margins: 85.35826pt and 51.68858pt
Headheight and headsep: 14.5pt and 19.8738pt
Footskip: 30pt
Columnsep and columnseprule: 10pt and 0pt
Marginparsep and marginparwidth: 7pt and 42.9055pt
Sidecapsep and sidecapwidth: 7pt and 42pt
Sidebarhsep and sidebarwidth: 7pt and 42pt
Sidebarvsep and sidebartopsep: 14.5pt and 0pt
Sidebarheight: 590.14995pt
Sidefoothsep and sidefootwidth: 7pt and 42pt
Sidefootvsep and sidefootheight: 14.5pt and 590.14995pt
******************************************************

\c@abntex@bookmarkcounter=\count322
\cftlastnumwidth=\skip196
\chapternamenumlength=\skip197
\ABNTEXcitacaorecuo=\skip198
\c@alineasi=\count323
\c@alineasii=\count324
\enitdp@alineas=\count325
\c@subalineasi=\count326
\enitdp@subalineas=\count327
\c@incisosi=\count328
\enitdp@incisos=\count329
\ABNTEXsignwidth=\skip256
\ABNTEXsignthickness=\skip257
\ABNTEXsignskip=\skip258
) (/usr/share/texmf/tex/latex/lm/lmodern.sty
Package: lmodern 2009/10/30 v1.6 Latin Modern Fonts
LaTeX Font Info:    Overwriting symbol font `operators' in version `normal'
(Font)                  OT1/cmr/m/n --> OT1/lmr/m/n on input line 22.
LaTeX Font Info:    Overwriting symbol font `letters' in version `normal'
(Font)                  OML/cmm/m/it --> OML/lmm/m/it on input line 23.
LaTeX Font Info:    Overwriting symbol font `symbols' in version `normal'
(Font)                  OMS/cmsy/m/n --> OMS/lmsy/m/n on input line 24.
LaTeX Font Info:    Overwriting symbol font `largesymbols' in version `normal'
(Font)                  OMX/cmex/m/n --> OMX/lmex/m/n on input line 25.
LaTeX Font Info:    Overwriting symbol font `operators' in version `bold'
(Font)                  OT1/cmr/bx/n --> OT1/lmr/bx/n on input line 26.
LaTeX Font Info:    Overwriting symbol font `letters' in version `bold'
(Font)                  OML/cmm/b/it --> OML/lmm/b/it on input line 27.
LaTeX Font Info:    Overwriting symbol font `symbols' in version `bold'
(Font)                  OMS/cmsy/b/n --> OMS/lmsy/b/n on input line 28.
LaTeX Font Info:    Overwriting symbol font `largesymbols' in version `bold'
(Font)                  OMX/cmex/m/n --> OMX/lmex/m/n on input line 29.
LaTeX Font Info:    Overwriting math alphabet `\mathbf' in version `normal'
(Font)                  OT1/cmr/bx/n --> OT1/lmr/bx/n on input line 31.
LaTeX Font Info:    Overwriting math alphabet `\mathsf' in version `normal'
(Font)                  OT1/cmss/m/n --> OT1/lmss/m/n on input line 32.
LaTeX Font Info:    Overwriting math alphabet `\mathit' in version `normal'
(Font)                  OT1/cmr/m/it --> OT1/lmr/m/it on input line 33.
LaTeX Font Info:    Overwriting math alphabet `\mathtt' in version `normal'
(Font)                  OT1/cmtt/m/n --> OT1/lmtt/m/n on input line 34.
LaTeX Font Info:    Overwriting math alphabet `\mathbf' in version `bold'
(Font)                  OT1/cmr/bx/n --> OT1/lmr/bx/n on input line 35.
LaTeX Font Info:    Overwriting math alphabet `\mathsf' in version `bold'
(Font)                  OT1/cmss/bx/n --> OT1/lmss/bx/n on input line 36.
LaTeX Font Info:    Overwriting math alphabet `\mathit' in version `bold'
(Font)                  OT1/cmr/bx/it --> OT1/lmr/bx/it on input line 37.
LaTeX Font Info:    Overwriting math alphabet `\mathtt' in version `bold'
(Font)                  OT1/cmtt/m/n --> OT1/lmtt/m/n on input line 38.
)
(/usr/share/texlive/texmf-dist/tex/latex/base/fontenc.sty
Package: fontenc 2020/02/11 v2.0o Standard LaTeX package
LaTeX Font Info:    Trying to load font information for T1+lmr on input line 11
2.

(/usr/share/texmf/tex/latex/lm/t1lmr.fd
File: t1lmr.fd 2009/10/30 v1.6 Font defs for Latin Modern
))
(/usr/share/texlive/texmf-dist/tex/latex/base/inputenc.sty
Package: inputenc 2018/08/11 v1.3c Input encoding file
\inpenc@prehook=\toks26
\inpenc@posthook=\toks27
)
(/usr/share/texlive/texmf-dist/tex/latex/tools/indentfirst.sty
Package: indentfirst 1995/11/23 v1.03 Indent first paragraph (DPC)
)
(/usr/share/texlive/texmf-dist/tex/latex/graphics/color.sty
Package: color 2019/11/23 v1.2a Standard LaTeX Color (DPC)

(/usr/share/texlive/texmf-dist/tex/latex/graphics-cfg/color.cfg
File: color.cfg 2016/01/02 v1.6 sample color configuration
)
Package color Info: Driver file: pdftex.def on input line 147.

(/usr/share/texlive/texmf-dist/tex/latex/graphics-def/pdftex.def
File: pdftex.def 2018/01/08 v1.0l Graphics/color driver for pdftex
))
(/usr/share/texlive/texmf-dist/tex/latex/graphics/graphicx.sty
Package: graphicx 2019/11/30 v1.2a Enhanced LaTeX Graphics (DPC,SPQR)

(/usr/share/texlive/texmf-dist/tex/latex/graphics/graphics.sty
Package: graphics 2019/11/30 v1.4a Standard LaTeX Graphics (DPC,SPQR)

(/usr/share/texlive/texmf-dist/tex/latex/graphics/trig.sty
Package: trig 2016/01/03 v1.10 sin cos tan (DPC)
)
(/usr/share/texlive/texmf-dist/tex/latex/graphics-cfg/graphics.cfg
File: graphics.cfg 2016/06/04 v1.11 sample graphics configuration
)
Package graphics Info: Driver file: pdftex.def on input line 105.
)
\Gin@req@height=\dimen195
\Gin@req@width=\dimen196
)
(/usr/share/texlive/texmf-dist/tex/latex/microtype/microtype.sty
Package: microtype 2019/11/18 v2.7d Micro-typographical refinements (RS)
\MT@toks=\toks28
\MT@count=\count330
LaTeX Info: Redefining \textls on input line 790.
\MT@outer@kern=\dimen197
LaTeX Info: Redefining \textmicrotypecontext on input line 1354.
\MT@listname@count=\count331

(/usr/share/texlive/texmf-dist/tex/latex/microtype/microtype-pdftex.def
File: microtype-pdftex.def 2019/11/18 v2.7d Definitions specific to pdftex (RS)

LaTeX Info: Redefining \lsstyle on input line 914.
LaTeX Info: Redefining \lslig on input line 914.
\MT@outer@space=\skip259
)
Package microtype Info: Loading configuration file microtype.cfg.

(/usr/share/texlive/texmf-dist/tex/latex/microtype/microtype.cfg
File: microtype.cfg 2019/11/18 v2.7d microtype main configuration file (RS)
))
(/usr/share/texlive/texmf-dist/tex/latex/transparent/transparent.sty
Package: transparent 2019/11/29 v1.4 Transparency via pdfTeX's color stack (HO)

)
(/usr/share/texlive/texmf-dist/tex/latex/eso-pic/eso-pic.sty
Package: eso-pic 2018/04/12 v2.0h eso-pic (RN)
)
(/usr/share/texlive/texmf-dist/tex/latex/amscls/amsthm.sty
Package: amsthm 2017/10/31 v2.20.4
\thm@style=\toks29
\thm@bodyfont=\toks30
\thm@headfont=\toks31
\thm@notefont=\toks32
\thm@headpunct=\toks33
\thm@preskip=\skip260
\thm@postskip=\skip261
\thm@headsep=\skip262
\dth@everypar=\toks34
)
(/usr/share/texlive/texmf-dist/tex/latex/amsfonts/amsfonts.sty
Package: amsfonts 2013/01/14 v3.01 Basic AMSFonts support
\@emptytoks=\toks35
\symAMSa=\mathgroup4
\symAMSb=\mathgroup5
LaTeX Font Info:    Redeclaring math symbol \hbar on input line 98.
LaTeX Font Info:    Overwriting math alphabet `\mathfrak' in version `bold'
(Font)                  U/euf/m/n --> U/euf/b/n on input line 106.
)
(/usr/share/texlive/texmf-dist/tex/latex/float/float.sty
Package: float 2001/11/08 v1.3d Float enhancements (AL)
\c@float@type=\count332
\float@exts=\toks36
\float@box=\box51
\@float@everytoks=\toks37
\@floatcapt=\box52
)
(/usr/share/texlive/texmf-dist/tex/latex/multirow/multirow.sty
Package: multirow 2019/05/31 v2.5 Span multiple rows of a table
\multirow@colwidth=\skip263
\multirow@cntb=\count333
\multirow@dima=\skip264
\bigstrutjot=\dimen198
)
(/usr/share/texlive/texmf-dist/tex/latex/xcolor/xcolor.sty
Package: xcolor 2016/05/11 v2.12 LaTeX color extensions (UK)

(/usr/share/texlive/texmf-dist/tex/latex/graphics-cfg/color.cfg
File: color.cfg 2016/01/02 v1.6 sample color configuration
)
Package xcolor Info: Driver file: pdftex.def on input line 225.

(/usr/share/texlive/texmf-dist/tex/latex/colortbl/colortbl.sty
Package: colortbl 2020/01/04 v1.0e Color table columns (DPC)
\everycr=\toks38
\minrowclearance=\skip265
)
LaTeX Info: Redefining \color on input line 709.
\rownum=\count334
Package xcolor Info: Model `cmy' substituted by `cmy0' on input line 1348.
Package xcolor Info: Model `hsb' substituted by `rgb' on input line 1352.
Package xcolor Info: Model `RGB' extended on input line 1364.
Package xcolor Info: Model `HTML' substituted by `rgb' on input line 1366.
Package xcolor Info: Model `Hsb' substituted by `hsb' on input line 1367.
Package xcolor Info: Model `tHsb' substituted by `hsb' on input line 1368.
Package xcolor Info: Model `HSB' substituted by `hsb' on input line 1369.
Package xcolor Info: Model `Gray' substituted by `gray' on input line 1370.
Package xcolor Info: Model `wave' substituted by `hsb' on input line 1371.
)
(/usr/share/texlive/texmf-dist/tex/latex/tools/longtable.sty
Package: longtable 2020/01/07 v4.13 Multi-page Table package (DPC)
\LTleft=\skip266
\LTright=\skip267
\LTpre=\skip268
\LTpost=\skip269
\LTchunksize=\count335
\LTcapwidth=\dimen256
\LT@head=\box53
\LT@firsthead=\box54
\LT@foot=\box55
\LT@lastfoot=\box56
\LT@cols=\count336
\LT@rows=\count337
\c@LT@tables=\count338
\c@LT@chunks=\count339
\LT@p@ftn=\toks39
)
(/usr/share/texlive/texmf-dist/tex/latex/lipsum/lipsum.sty
(/usr/share/texlive/texmf-dist/tex/latex/l3kernel/expl3.sty
Package: expl3 2020-02-14 L3 programming layer (loader) 

(/usr/share/texlive/texmf-dist/tex/latex/l3backend/l3backend-pdfmode.def
File: l3backend-pdfmode.def 2020-02-03 L3 backend support: PDF mode
\l__kernel_color_stack_int=\count340
\l__pdf_internal_box=\box57
))
(/usr/share/texlive/texmf-dist/tex/latex/l3packages/xparse/xparse.sty
Package: xparse 2020-02-14 L3 Experimental document command parser
\l__xparse_current_arg_int=\count341
\g__xparse_grabber_int=\count342
\l__xparse_m_args_int=\count343
\l__xparse_v_nesting_int=\count344
)
Package: lipsum 2019/01/02 v2.2 150 paragraphs of Lorem Ipsum dummy text

(/usr/share/texlive/texmf-dist/tex/latex/lipsum/lipsum.ltd.tex
File: lipsum.ltd.tex 2019/01/02 v2.2 The Lorem ipsum dummy text
))
(/usr/share/texlive/texmf-dist/tex/latex/abntex2/abntex2cite.sty
Package: abntex2cite 2018/11/24 v-1.9.7 abnTeX2

(/usr/share/texlive/texmf-dist/tex/latex/abntex2/abntex2abrev.sty)
\minimumbiblabelwidth=\skip270
\ABCIauxlen=\skip271
\c@ABCIaux=\count345
\c@ABCImax=\count346

(/usr/share/texlive/texmf-dist/tex/generic/iftex/ifpdf.sty
Package: ifpdf 2019/10/25 v3.4 ifpdf legacy package. Use iftex instead.
)
(/usr/share/texlive/texmf-dist/tex/generic/iftex/ifxetex.sty
Package: ifxetex 2019/10/25 v0.7 ifxetex legacy package. Use iftex instead.
)
(/usr/share/texlive/texmf-dist/tex/latex/relsize/relsize.sty
Package: relsize 2013/03/29 ver 4.1
)
\biblabelsep=\skip272
LaTeX Info: Redefining \newblock on input line 591.
LaTeX Info: Redefining \cite on input line 618.
\ABCItoken=\toks40
)

Class memoir Warning: For the caption package to function properly with memoir,
 we will now reset\caption and friends to kernel defaults and then let the capt
ion package take over. Remember: all caption configuration now goves via the ca
ption package interface, not the interface from the memoir class. .

(/usr/share/texlive/texmf-dist/tex/latex/caption/caption.sty
Package: caption 2020/01/03 v3.4h Customizing captions (AR)

(/usr/share/texlive/texmf-dist/tex/latex/caption/caption3.sty
Package: caption3 2020/01/03 v1.8h caption3 kernel (AR)
Package caption3 Info: TeX engine: e-TeX on input line 61.
\captionmargin=\dimen257
\captionmargin@=\dimen258
\captionwidth=\dimen259
\caption@tempdima=\dimen260
\caption@indent=\dimen261
\caption@parindent=\dimen262
\caption@hangindent=\dimen263
Package caption Info: memoir document class detected.
)
\c@caption@flags=\count347
\c@continuedfloat=\count348
Package caption Info: float package is loaded.
Package caption Info: hyperref package is loaded.
Package caption Info: longtable package is loaded.

(/usr/share/texlive/texmf-dist/tex/latex/caption/ltcaption.sty
Package: ltcaption 2018/08/26 v1.4a longtable captions (AR)
))
(/usr/share/texlive/texmf-dist/tex/latex/etoolbox/etoolbox.sty
Package: etoolbox 2019/09/21 v2.5h e-TeX tools for LaTeX (JAW)
\etb@tempcnta=\count349
)
(/usr/share/texlive/texmf-dist/tex/latex/listings/listings.sty
\lst@mode=\count350
\lst@gtempboxa=\box58
\lst@token=\toks41
\lst@length=\count351
\lst@currlwidth=\dimen264
\lst@column=\count352
\lst@pos=\count353
\lst@lostspace=\dimen265
\lst@width=\dimen266
\lst@newlines=\count354
\lst@lineno=\count355
\lst@maxwidth=\dimen267

(/usr/share/texlive/texmf-dist/tex/latex/listings/lstmisc.sty
File: lstmisc.sty 2019/09/10 1.8c (Carsten Heinz)
\c@lstnumber=\count356
\lst@skipnumbers=\count357
\lst@framebox=\box59
)
(/usr/share/texlive/texmf-dist/tex/latex/listings/listings.cfg
File: listings.cfg 2019/09/10 1.8c listings configuration
))
Package: listings 2019/09/10 1.8c (Carsten Heinz)

(/usr/share/texlive/texmf-dist/tex/latex/listings/lstlang1.sty
File: lstlang1.sty 2019/09/10 1.8c listings language file
)
(/usr/share/texlive/texmf-dist/tex/latex/listings/lstlang1.sty
File: lstlang1.sty 2019/09/10 1.8c listings language file
)
(/usr/share/texlive/texmf-dist/tex/latex/listings/lstmisc.sty
File: lstmisc.sty 2019/09/10 1.8c (Carsten Heinz)
)
Package hyperref Info: Option `colorlinks' set `true' on input line 86.
\ProjetoProduto@idxfile=\write4
\openout4 = `ProjetoProduto.idx'.


Writing index file ProjetoProduto.idx 
<<<<<<< HEAD
(./ProjetoProduto.aux)
=======
(./ProjetoProduto.aux

LaTeX Warning: Label `tableproduto3' multiply defined.


LaTeX Warning: Label `tableproduto3' multiply defined.


LaTeX Warning: Label `tableproduto3' multiply defined.


LaTeX Warning: Label `tableproduto3' multiply defined.


LaTeX Warning: Label `tableproduto3' multiply defined.


LaTeX Warning: Label `figetapas' multiply defined.


LaTeX Warning: Label `figetapas' multiply defined.


LaTeX Warning: Label `figetapas' multiply defined.


LaTeX Warning: Label `figetapas' multiply defined.


LaTeX Warning: Label `figetapas' multiply defined.


LaTeX Warning: Label `figetapas' multiply defined.


LaTeX Warning: Label `figetapas' multiply defined.


LaTeX Warning: Label `figetapas' multiply defined.


LaTeX Warning: Label `figetapas' multiply defined.


LaTeX Warning: Label `figetapas' multiply defined.


LaTeX Warning: Label `figetapas' multiply defined.

)
>>>>>>> 1f22df0... tentando ajeitar tudo
\openout1 = `ProjetoProduto.aux'.

LaTeX Font Info:    Checking defaults for OML/cmm/m/it on input line 111.
LaTeX Font Info:    ... okay on input line 111.
LaTeX Font Info:    Checking defaults for OMS/cmsy/m/n on input line 111.
LaTeX Font Info:    ... okay on input line 111.
LaTeX Font Info:    Checking defaults for OT1/cmr/m/n on input line 111.
LaTeX Font Info:    ... okay on input line 111.
LaTeX Font Info:    Checking defaults for T1/cmr/m/n on input line 111.
LaTeX Font Info:    ... okay on input line 111.
LaTeX Font Info:    Checking defaults for TS1/cmr/m/n on input line 111.
LaTeX Font Info:    ... okay on input line 111.
LaTeX Font Info:    Checking defaults for OMX/cmex/m/n on input line 111.
LaTeX Font Info:    ... okay on input line 111.
LaTeX Font Info:    Checking defaults for U/cmr/m/n on input line 111.
LaTeX Font Info:    ... okay on input line 111.
LaTeX Font Info:    Checking defaults for PD1/pdf/m/n on input line 111.
LaTeX Font Info:    ... okay on input line 111.
\AtBeginShipoutBox=\box60
Package hyperref Info: Link coloring ON on input line 111.

(/usr/share/texlive/texmf-dist/tex/latex/hyperref/nameref.sty
Package: nameref 2019/09/16 v2.46 Cross-referencing by name of section

(/usr/share/texlive/texmf-dist/tex/latex/refcount/refcount.sty
Package: refcount 2019/12/15 v3.6 Data extraction from label references (HO)
)
(/usr/share/texlive/texmf-dist/tex/generic/gettitlestring/gettitlestring.sty
Package: gettitlestring 2019/12/15 v1.6 Cleanup title references (HO)
)
\c@section@level=\count358
)
Redoing nameref's sectioning
Redoing nameref's label
LaTeX Info: Redefining \nameref on input line 111.
LaTeX Info: Redefining \ref on input line 111.
LaTeX Info: Redefining \pageref on input line 111.
LaTeX Info: Redefining \nameref on input line 111.
LaTeX Info: Redefining \degres on input line 111.
LaTeX Info: Redefining \dots on input line 111.
LaTeX Info: Redefining \up on input line 111.
\myptabbox=\box61
\myptabboxwidth=\skip273
(/usr/share/texlive/texmf-dist/tex/context/base/mkii/supp-pdf.mkii
[Loading MPS to PDF converter (version 2006.09.02).]
\scratchcounter=\count359
\scratchdimen=\dimen268
\scratchbox=\box62
\nofMPsegments=\count360
\nofMParguments=\count361
\everyMPshowfont=\toks42
\MPscratchCnt=\count362
\MPscratchDim=\dimen269
\MPnumerator=\count363
\makeMPintoPDFobject=\count364
\everyMPtoPDFconversion=\toks43
) (/usr/share/texlive/texmf-dist/tex/latex/epstopdf-pkg/epstopdf-base.sty
Package: epstopdf-base 2020-01-24 v2.11 Base part for package epstopdf
Package epstopdf-base Info: Redefining graphics rule for `.eps' on input line 4
85.

(/usr/share/texlive/texmf-dist/tex/latex/latexconfig/epstopdf-sys.cfg
File: epstopdf-sys.cfg 2010/07/13 v1.3 Configuration of (r)epstopdf for TeX Liv
e
))
LaTeX Info: Redefining \microtypecontext on input line 111.
Package microtype Info: Generating PDF output.
Package microtype Info: Character protrusion enabled (level 2).
Package microtype Info: Using default protrusion set `alltext'.
Package microtype Info: Automatic font expansion enabled (level 2),
(microtype)             stretch: 20, shrink: 20, step: 1, non-selected.
Package microtype Info: Using default expansion set `basictext'.
LaTeX Info: Redefining \showhyphens on input line 111.
Package microtype Info: No adjustment of tracking.
Package microtype Info: No adjustment of interword spacing.
Package microtype Info: No adjustment of character kerning.

(/usr/share/texlive/texmf-dist/tex/latex/microtype/mt-cmr.cfg
File: mt-cmr.cfg 2013/05/19 v2.2 microtype config. file: Computer Modern Roman 
(RS)
)
Package caption Info: Begin \AtBeginDocument code.
Package caption Info: listings package is loaded.
Package caption Info: End \AtBeginDocument code.
\c@lstlisting=\count365
<../../Pictures/uem-modelo-04.png, id=4, 804.606pt x 110.3322pt>
File: ../../Pictures/uem-modelo-04.png Graphic file (type png)
<use ../../Pictures/uem-modelo-04.png>
Package pdftex.def Info: ../../Pictures/uem-modelo-04.png  used on input line 1
17.
(pdftex.def)             Requested size: 362.06935pt x 49.64902pt.

Overfull \hbox (362.06935pt too wide) in paragraph at lines 117--118
 [][] 
 []

LaTeX Font Info:    Trying to load font information for OT1+lmr on input line 1
18.
(/usr/share/texmf/tex/latex/lm/ot1lmr.fd
File: ot1lmr.fd 2009/10/30 v1.6 Font defs for Latin Modern
)
LaTeX Font Info:    Trying to load font information for OML+lmm on input line 1
18.

(/usr/share/texmf/tex/latex/lm/omllmm.fd
File: omllmm.fd 2009/10/30 v1.6 Font defs for Latin Modern
)
LaTeX Font Info:    Trying to load font information for OMS+lmsy on input line 
118.

(/usr/share/texmf/tex/latex/lm/omslmsy.fd
File: omslmsy.fd 2009/10/30 v1.6 Font defs for Latin Modern
)
LaTeX Font Info:    Trying to load font information for OMX+lmex on input line 
118.

(/usr/share/texmf/tex/latex/lm/omxlmex.fd
File: omxlmex.fd 2009/10/30 v1.6 Font defs for Latin Modern
)
LaTeX Font Info:    External font `lmex10' loaded for size
(Font)              <12> on input line 118.
LaTeX Font Info:    External font `lmex10' loaded for size
(Font)              <8> on input line 118.
LaTeX Font Info:    External font `lmex10' loaded for size
(Font)              <6> on input line 118.
LaTeX Font Info:    Trying to load font information for U+msa on input line 118
.

(/usr/share/texlive/texmf-dist/tex/latex/amsfonts/umsa.fd
File: umsa.fd 2013/01/14 v3.01 AMS symbols A
)
(/usr/share/texlive/texmf-dist/tex/latex/microtype/mt-msa.cfg
File: mt-msa.cfg 2006/02/04 v1.1 microtype config. file: AMS symbols (a) (RS)
)
LaTeX Font Info:    Trying to load font information for U+msb on input line 118
.

(/usr/share/texlive/texmf-dist/tex/latex/amsfonts/umsb.fd
File: umsb.fd 2013/01/14 v3.01 AMS symbols B
)
(/usr/share/texlive/texmf-dist/tex/latex/microtype/mt-msb.cfg
File: mt-msb.cfg 2005/06/01 v1.0 microtype config. file: AMS symbols (b) (RS)
)
LaTeX Font Info:    Trying to load font information for T1+lmss on input line 1
26.

(/usr/share/texmf/tex/latex/lm/t1lmss.fd
File: t1lmss.fd 2009/10/30 v1.6 Font defs for Latin Modern
)
Package microtype Info: Loading generic protrusion settings for font family
(microtype)             `lmss' (encoding: T1).
(microtype)             For optimal results, create family-specific settings.
(microtype)             See the microtype manual for details.
<../../Pictures/logoUEM.jpg, id=6, 578.16pt x 622.4856pt>
File: ../../Pictures/logoUEM.jpg Graphic file (type jpg)
<use ../../Pictures/logoUEM.jpg>
Package pdftex.def Info: ../../Pictures/logoUEM.jpg  used on input line 126.
(pdftex.def)             Requested size: 809.41849pt x 871.4739pt.

Overfull \hbox (211.91061pt too wide) has occurred while \output is active
 [][] 
 []

[1

{/var/lib/texmf/fonts/map/pdftex/updmap/pdftex.map} <../../Pictures/LogoUEM.jpg
> <../../Pictures/uem-modelo-04.png>] (./ProjetoProduto.tocpdfTeX warning (ext4
): destination with the same identifier (name{page.1}) has been already used, d
uplicate ignored
<to be read again> 
                   \relax 
l.43 ...icações-meta do produto}{7}{section.4.5}
                                                  %
File: ../../Pictures/logoUEM.jpg Graphic file (type jpg)
<use ../../Pictures/logoUEM.jpg>
Package pdftex.def Info: ../../Pictures/logoUEM.jpg  used on input line 43.
(pdftex.def)             Requested size: 809.41849pt x 871.4739pt.

Overfull \hbox (211.91061pt too wide) has occurred while \output is active
 [][] 
 []

[1


])
File: ../../Pictures/logoUEM.jpg Graphic file (type jpg)
<use ../../Pictures/logoUEM.jpg>
Package pdftex.def Info: ../../Pictures/logoUEM.jpg  used on input line 146.
(pdftex.def)             Requested size: 809.41849pt x 871.4739pt.

Overfull \hbox (211.91061pt too wide) has occurred while \output is active
 [][] 
 []

[2]
<<<<<<< HEAD
=======
File: ../../Pictures/logoUEM.jpg Graphic file (type jpg)
<use ../../Pictures/logoUEM.jpg>
Package pdftex.def Info: ../../Pictures/logoUEM.jpg  used on input line 172.
(pdftex.def)             Requested size: 809.41849pt x 871.4739pt.

Overfull \hbox (211.91061pt too wide) has occurred while \output is active
 [][] 
 []

[3


]
LaTeX Font Info:    Trying to load font information for TS1+lmr on input line 1
85.
 (/usr/share/texmf/tex/latex/lm/ts1lmr.fd
File: ts1lmr.fd 2009/10/30 v1.6 Font defs for Latin Modern
)
File: ../../Pictures/logoUEM.jpg Graphic file (type jpg)
<use ../../Pictures/logoUEM.jpg>
Package pdftex.def Info: ../../Pictures/logoUEM.jpg  used on input line 190.
(pdftex.def)             Requested size: 809.41849pt x 871.4739pt.

Overfull \hbox (211.91061pt too wide) has occurred while \output is active
 [][] 
 []

[4]
File: ../../Pictures/logoUEM.jpg Graphic file (type jpg)
<use ../../Pictures/logoUEM.jpg>
Package pdftex.def Info: ../../Pictures/logoUEM.jpg  used on input line 225.
(pdftex.def)             Requested size: 809.41849pt x 871.4739pt.

Overfull \hbox (211.91061pt too wide) has occurred while \output is active
 [][] 
 []

[5

]
</home/grmunhoz/Documents/Munhoz/University/Pictures/WhatsApp Image 2022-03-12 
at 21.10.19.jpeg, id=158, 784.9325pt x 593.21625pt>
File: /home/grmunhoz/Documents/Munhoz/University/Pictures/WhatsApp Image 2022-0
3-12 at 21.10.19.jpeg Graphic file (type jpg)
<use /home/grmunhoz/Documents/Munhoz/University/Pictures/WhatsApp Image 2022-03
-12 at 21.10.19.jpeg>
Package pdftex.def Info: /home/grmunhoz/Documents/Munhoz/University/Pictures/Wh
atsApp Image 2022-03-12 at 21.10.19.jpeg  used on input line 246.
(pdftex.def)             Requested size: 431.7142pt x 326.26994pt.
File: ../../Pictures/logoUEM.jpg Graphic file (type jpg)
<use ../../Pictures/logoUEM.jpg>
Package pdftex.def Info: ../../Pictures/logoUEM.jpg  used on input line 251.
(pdftex.def)             Requested size: 809.41849pt x 871.4739pt.
>>>>>>> 1f22df0... tentando ajeitar tudo

LaTeX Warning: Citation `2' on page 3 undefined on input line 158.

<<<<<<< HEAD
=======
[6]
<../../Pictures/Apresentacao-Radar-2021-Coletiva-de-Imprensa-31.pdf_1-1024x576.
jpg, id=183, 770.88pt x 433.62pt>
File: ../../Pictures/Apresentacao-Radar-2021-Coletiva-de-Imprensa-31.pdf_1-1024
x576.jpg Graphic file (type jpg)
<use ../../Pictures/Apresentacao-Radar-2021-Coletiva-de-Imprensa-31.pdf_1-1024x
576.jpg>
Package pdftex.def Info: ../../Pictures/Apresentacao-Radar-2021-Coletiva-de-Imp
rensa-31.pdf_1-1024x576.jpg  used on input line 262.
(pdftex.def)             Requested size: 423.98532pt x 238.49173pt.
<../../Pictures/Apresentacao-Radar-2021-Coletiva-de-Imprensa-32.pdf_1-1024x576.
jpg, id=184, 770.88pt x 433.62pt>
File: ../../Pictures/Apresentacao-Radar-2021-Coletiva-de-Imprensa-32.pdf_1-1024
x576.jpg Graphic file (type jpg)
<use ../../Pictures/Apresentacao-Radar-2021-Coletiva-de-Imprensa-32.pdf_1-1024x
576.jpg>
Package pdftex.def Info: ../../Pictures/Apresentacao-Radar-2021-Coletiva-de-Imp
rensa-32.pdf_1-1024x576.jpg  used on input line 267.
(pdftex.def)             Requested size: 423.98532pt x 238.49173pt.
File: ../../Pictures/logoUEM.jpg Graphic file (type jpg)
<use ../../Pictures/logoUEM.jpg>
Package pdftex.def Info: ../../Pictures/logoUEM.jpg  used on input line 271.
(pdftex.def)             Requested size: 809.41849pt x 871.4739pt.
>>>>>>> 1f22df0... tentando ajeitar tudo

LaTeX Warning: Citation `1' on page 3 undefined on input line 158.

<<<<<<< HEAD
=======
[7 </home/grmunhoz/Documents/Munhoz/University/Pictures/WhatsApp Image 2022-03-
12 at 21.10.19.jpeg>]
</home/grmunhoz/Documents/Munhoz/University/Pictures/Radar-202029-1024x579.png,
 id=199, 770.88pt x 435.87843pt>
File: /home/grmunhoz/Documents/Munhoz/University/Pictures/Radar-202029-1024x579
.png Graphic file (type png)
<use /home/grmunhoz/Documents/Munhoz/University/Pictures/Radar-202029-1024x579.
png>
Package pdftex.def Info: /home/grmunhoz/Documents/Munhoz/University/Pictures/Ra
dar-202029-1024x579.png  used on input line 280.
(pdftex.def)             Requested size: 423.98532pt x 239.73387pt.
</home/grmunhoz/Documents/Munhoz/University/Pictures/Radar-202030-1024x578.png,
 id=200, 770.88pt x 435.12563pt>
File: /home/grmunhoz/Documents/Munhoz/University/Pictures/Radar-202030-1024x578
.png Graphic file (type png)
<use /home/grmunhoz/Documents/Munhoz/University/Pictures/Radar-202030-1024x578.
png>
Package pdftex.def Info: /home/grmunhoz/Documents/Munhoz/University/Pictures/Ra
dar-202030-1024x578.png  used on input line 285.
(pdftex.def)             Requested size: 423.98532pt x 239.31982pt.
File: ../../Pictures/logoUEM.jpg Graphic file (type jpg)
<use ../../Pictures/logoUEM.jpg>
Package pdftex.def Info: ../../Pictures/logoUEM.jpg  used on input line 289.
(pdftex.def)             Requested size: 809.41849pt x 871.4739pt.
>>>>>>> 1f22df0... tentando ajeitar tudo

LaTeX Warning: Citation `5' on page 3 undefined on input line 160.


LaTeX Warning: Citation `1' on page 3 undefined on input line 162.

<<<<<<< HEAD
LaTeX Font Info:    Trying to load font information for TS1+lmr on input line 1
62.
(/usr/share/texmf/tex/latex/lm/ts1lmr.fd
File: ts1lmr.fd 2009/10/30 v1.6 Font defs for Latin Modern
)

LaTeX Warning: Citation `3' on page 3 undefined on input line 162.
=======
Overfull \hbox (211.91061pt too wide) has occurred while \output is active
 [][] 
 []

[10]
File: ../../Pictures/logoUEM.jpg Graphic file (type jpg)
<use ../../Pictures/logoUEM.jpg>
Package pdftex.def Info: ../../Pictures/logoUEM.jpg  used on input line 341.
(pdftex.def)             Requested size: 809.41849pt x 871.4739pt.

Overfull \hbox (211.91061pt too wide) has occurred while \output is active
 [][] 
 []

[11]
File: ../../Pictures/logoUEM.jpg Graphic file (type jpg)
<use ../../Pictures/logoUEM.jpg>
Package pdftex.def Info: ../../Pictures/logoUEM.jpg  used on input line 363.
(pdftex.def)             Requested size: 809.41849pt x 871.4739pt.

Overfull \hbox (211.91061pt too wide) has occurred while \output is active
 [][] 
 []

[12]
File: ../../Pictures/logoUEM.jpg Graphic file (type jpg)
<use ../../Pictures/logoUEM.jpg>
Package pdftex.def Info: ../../Pictures/logoUEM.jpg  used on input line 366.
(pdftex.def)             Requested size: 809.41849pt x 871.4739pt.

Overfull \hbox (211.91061pt too wide) has occurred while \output is active
 [][] 
 []

[13]
</home/grmunhoz/Documents/Munhoz/University/Pictures/ScreenShot03.13.png, id=25
0, 633.11531pt x 140.77594pt>
File: /home/grmunhoz/Documents/Munhoz/University/Pictures/ScreenShot03.13.png G
raphic file (type png)
<use /home/grmunhoz/Documents/Munhoz/University/Pictures/ScreenShot03.13.png>
Package pdftex.def Info: /home/grmunhoz/Documents/Munhoz/University/Pictures/Sc
reenShot03.13.png  used on input line 390.
(pdftex.def)             Requested size: 443.17769pt x 98.54247pt.
File: ../../Pictures/logoUEM.jpg Graphic file (type jpg)
<use ../../Pictures/logoUEM.jpg>
Package pdftex.def Info: ../../Pictures/logoUEM.jpg  used on input line 398.
(pdftex.def)             Requested size: 809.41849pt x 871.4739pt.

Overfull \hbox (211.91061pt too wide) has occurred while \output is active
 [][] 
 []

[14

 </home/grmunhoz/Documents/Munhoz/University/Pictures/ScreenShot03.13.png (PNG 
copy)>]
LaTeX Font Info:    External font `lmex10' loaded for size
(Font)              <10> on input line 412.
LaTeX Font Info:    External font `lmex10' loaded for size
(Font)              <7> on input line 412.
LaTeX Font Info:    External font `lmex10' loaded for size
(Font)              <5> on input line 412.
LaTeX Font Info:    External font `lmex10' loaded for size
(Font)              <10.95> on input line 438.
File: ../../Pictures/logoUEM.jpg Graphic file (type jpg)
<use ../../Pictures/logoUEM.jpg>
Package pdftex.def Info: ../../Pictures/logoUEM.jpg  used on input line 447.
(pdftex.def)             Requested size: 809.41849pt x 871.4739pt.

Overfull \hbox (211.91061pt too wide) has occurred while \output is active
 [][] 
 []

[15]
File: ../../Pictures/logoUEM.jpg Graphic file (type jpg)
<use ../../Pictures/logoUEM.jpg>
Package pdftex.def Info: ../../Pictures/logoUEM.jpg  used on input line 487.
(pdftex.def)             Requested size: 809.41849pt x 871.4739pt.

Overfull \hbox (211.91061pt too wide) has occurred while \output is active
 [][] 
 []

[16]
File: ../../Pictures/logoUEM.jpg Graphic file (type jpg)
<use ../../Pictures/logoUEM.jpg>
Package pdftex.def Info: ../../Pictures/logoUEM.jpg  used on input line 508.
(pdftex.def)             Requested size: 809.41849pt x 871.4739pt.

Overfull \hbox (211.91061pt too wide) has occurred while \output is active
 [][] 
 []

[17]
</home/grmunhoz/Documents/Munhoz/University/Pictures/download (3).jpeg, id=274,
 289.08pt x 342.27875pt>
File: /home/grmunhoz/Documents/Munhoz/University/Pictures/download (3).jpeg Gra
phic file (type jpg)
<use /home/grmunhoz/Documents/Munhoz/University/Pictures/download (3).jpeg>
Package pdftex.def Info: /home/grmunhoz/Documents/Munhoz/University/Pictures/do
wnload (3).jpeg  used on input line 523.
(pdftex.def)             Requested size: 144.53964pt x 171.13895pt.
</home/grmunhoz/Documents/Munhoz/University/Pictures/download (1).jpeg, id=275,
 381.425pt x 123.46124pt>
File: /home/grmunhoz/Documents/Munhoz/University/Pictures/download (1).jpeg Gra
phic file (type jpg)
<use /home/grmunhoz/Documents/Munhoz/University/Pictures/download (1).jpeg>
Package pdftex.def Info: /home/grmunhoz/Documents/Munhoz/University/Pictures/do
wnload (1).jpeg  used on input line 534.
(pdftex.def)             Requested size: 190.71202pt x 61.73045pt.
File: ../../Pictures/logoUEM.jpg Graphic file (type jpg)
<use ../../Pictures/logoUEM.jpg>
Package pdftex.def Info: ../../Pictures/logoUEM.jpg  used on input line 538.
(pdftex.def)             Requested size: 809.41849pt x 871.4739pt.

Overfull \hbox (211.91061pt too wide) has occurred while \output is active
 [][] 
 []

[18 </home/grmunhoz/Documents/Munhoz/University/Pictures/download (3).jpeg>]
</home/grmunhoz/Documents/Munhoz/University/Pictures/download.jpeg, id=282, 882
.29625pt x 404.51125pt>
File: /home/grmunhoz/Documents/Munhoz/University/Pictures/download.jpeg Graphic
 file (type jpg)
<use /home/grmunhoz/Documents/Munhoz/University/Pictures/download.jpeg>
Package pdftex.def Info: /home/grmunhoz/Documents/Munhoz/University/Pictures/do
wnload.jpeg  used on input line 545.
(pdftex.def)             Requested size: 352.91225pt x 161.80162pt.
</home/grmunhoz/Documents/Munhoz/University/Pictures/download (2).jpeg, id=283,
 459.7175pt x 433.62pt>
File: /home/grmunhoz/Documents/Munhoz/University/Pictures/download (2).jpeg Gra
phic file (type jpg)
<use /home/grmunhoz/Documents/Munhoz/University/Pictures/download (2).jpeg>
Package pdftex.def Info: /home/grmunhoz/Documents/Munhoz/University/Pictures/do
wnload (2).jpeg  used on input line 555.
(pdftex.def)             Requested size: 183.88373pt x 173.44492pt.
</home/grmunhoz/Documents/Munhoz/University/Pictures/download (4).jpeg, id=284,
 408.52625pt x 157.58875pt>
File: /home/grmunhoz/Documents/Munhoz/University/Pictures/download (4).jpeg Gra
phic file (type jpg)
<use /home/grmunhoz/Documents/Munhoz/University/Pictures/download (4).jpeg>
Package pdftex.def Info: /home/grmunhoz/Documents/Munhoz/University/Pictures/do
wnload (4).jpeg  used on input line 565.
(pdftex.def)             Requested size: 204.26262pt x 78.79417pt.
File: ../../Pictures/logoUEM.jpg Graphic file (type jpg)
<use ../../Pictures/logoUEM.jpg>
Package pdftex.def Info: ../../Pictures/logoUEM.jpg  used on input line 568.
(pdftex.def)             Requested size: 809.41849pt x 871.4739pt.

Overfull \hbox (211.91061pt too wide) has occurred while \output is active
 [][] 
 []

[19 </home/grmunhoz/Documents/Munhoz/University/Pictures/download (1).jpeg> </h
ome/grmunhoz/Documents/Munhoz/University/Pictures/download.jpeg> </home/grmunho
z/Documents/Munhoz/University/Pictures/download (2).jpeg>]
</home/grmunhoz/Documents/Munhoz/University/Pictures/WhatsApp Image 2022-03-13 
at 16.43.44.jpeg, id=292, 516.93124pt x 405.515pt>
File: /home/grmunhoz/Documents/Munhoz/University/Pictures/WhatsApp Image 2022-0
3-13 at 16.43.44.jpeg Graphic file (type jpg)
<use /home/grmunhoz/Documents/Munhoz/University/Pictures/WhatsApp Image 2022-03
-13 at 16.43.44.jpeg>
Package pdftex.def Info: /home/grmunhoz/Documents/Munhoz/University/Pictures/Wh
atsApp Image 2022-03-13 at 16.43.44.jpeg  used on input line 577.
(pdftex.def)             Requested size: 258.46498pt x 202.75699pt.
</home/grmunhoz/Documents/Munhoz/University/Pictures/download (6).jpeg, id=293,
 328.22626pt x 164.615pt>
File: /home/grmunhoz/Documents/Munhoz/University/Pictures/download (6).jpeg Gra
phic file (type jpg)
<use /home/grmunhoz/Documents/Munhoz/University/Pictures/download (6).jpeg>
Package pdftex.def Info: /home/grmunhoz/Documents/Munhoz/University/Pictures/do
wnload (6).jpeg  used on input line 592.
(pdftex.def)             Requested size: 164.11272pt x 82.3073pt.
File: ../../Pictures/logoUEM.jpg Graphic file (type jpg)
<use ../../Pictures/logoUEM.jpg>
Package pdftex.def Info: ../../Pictures/logoUEM.jpg  used on input line 596.
(pdftex.def)             Requested size: 809.41849pt x 871.4739pt.

Overfull \hbox (211.91061pt too wide) has occurred while \output is active
 [][] 
 []

[20 </home/grmunhoz/Documents/Munhoz/University/Pictures/download (4).jpeg> </h
ome/grmunhoz/Documents/Munhoz/University/Pictures/WhatsApp Image 2022-03-13 at 
16.43.44.jpeg>]
</home/grmunhoz/Documents/Munhoz/University/Pictures/VPL.jpeg, id=300, 718.685p
t x 354.32375pt>
File: /home/grmunhoz/Documents/Munhoz/University/Pictures/VPL.jpeg Graphic file
 (type jpg)
<use /home/grmunhoz/Documents/Munhoz/University/Pictures/VPL.jpeg>
Package pdftex.def Info: /home/grmunhoz/Documents/Munhoz/University/Pictures/VP
L.jpeg  used on input line 604.
(pdftex.def)             Requested size: 359.34161pt x 177.16144pt.
</home/grmunhoz/Documents/Munhoz/University/Pictures/vplgrafico.jpeg, id=301, 1
284.8pt x 359.3425pt>
File: /home/grmunhoz/Documents/Munhoz/University/Pictures/vplgrafico.jpeg Graph
ic file (type jpg)
<use /home/grmunhoz/Documents/Munhoz/University/Pictures/vplgrafico.jpeg>
Package pdftex.def Info: /home/grmunhoz/Documents/Munhoz/University/Pictures/vp
lgrafico.jpeg  used on input line 612.
(pdftex.def)             Requested size: 449.68674pt x 125.77174pt.
File: ../../Pictures/logoUEM.jpg Graphic file (type jpg)
<use ../../Pictures/logoUEM.jpg>
Package pdftex.def Info: ../../Pictures/logoUEM.jpg  used on input line 616.
(pdftex.def)             Requested size: 809.41849pt x 871.4739pt.

Overfull \hbox (211.91061pt too wide) has occurred while \output is active
 [][] 
 []

[21 </home/grmunhoz/Documents/Munhoz/University/Pictures/download (6).jpeg> </h
ome/grmunhoz/Documents/Munhoz/University/Pictures/VPL.jpeg>]
</home/grmunhoz/Documents/Munhoz/University/Pictures/tir.jpeg, id=309, 984.6787
6pt x 342.27875pt>
File: /home/grmunhoz/Documents/Munhoz/University/Pictures/tir.jpeg Graphic file
 (type jpg)
<use /home/grmunhoz/Documents/Munhoz/University/Pictures/tir.jpeg>
Package pdftex.def Info: /home/grmunhoz/Documents/Munhoz/University/Pictures/ti
r.jpeg  used on input line 622.
(pdftex.def)             Requested size: 423.40361pt x 147.17699pt.
</home/grmunhoz/Documents/Munhoz/University/Pictures/payback.jpeg, id=310, 990.
70125pt x 372.39125pt>
File: /home/grmunhoz/Documents/Munhoz/University/Pictures/payback.jpeg Graphic 
file (type jpg)
<use /home/grmunhoz/Documents/Munhoz/University/Pictures/payback.jpeg>
Package pdftex.def Info: /home/grmunhoz/Documents/Munhoz/University/Pictures/pa
yback.jpeg  used on input line 632.
(pdftex.def)             Requested size: 425.99324pt x 160.1251pt.
File: ../../Pictures/logoUEM.jpg Graphic file (type jpg)
<use ../../Pictures/logoUEM.jpg>
Package pdftex.def Info: ../../Pictures/logoUEM.jpg  used on input line 636.
(pdftex.def)             Requested size: 809.41849pt x 871.4739pt.

Overfull \hbox (211.91061pt too wide) has occurred while \output is active
 [][] 
 []

[22 </home/grmunhoz/Documents/Munhoz/University/Pictures/vplgrafico.jpeg> </hom
e/grmunhoz/Documents/Munhoz/University/Pictures/TIR.jpeg>]
File: ../../Pictures/logoUEM.jpg Graphic file (type jpg)
<use ../../Pictures/logoUEM.jpg>
Package pdftex.def Info: ../../Pictures/logoUEM.jpg  used on input line 659.
(pdftex.def)             Requested size: 809.41849pt x 871.4739pt.

Overfull \hbox (211.91061pt too wide) has occurred while \output is active
 [][] 
 []

[23 </home/grmunhoz/Documents/Munhoz/University/Pictures/PAYBACK.jpeg>]
</home/grmunhoz/Documents/Munhoz/University/Pictures/3.14 - Project Charter.jpe
g, id=322, 1284.8pt x 478.78876pt>
File: /home/grmunhoz/Documents/Munhoz/University/Pictures/3.14 - Project Charte
r.jpeg Graphic file (type jpg)
<use /home/grmunhoz/Documents/Munhoz/University/Pictures/3.14 - Project Charter
.jpeg>
Package pdftex.def Info: /home/grmunhoz/Documents/Munhoz/University/Pictures/3.
14 - Project Charter.jpeg  used on input line 694.
(pdftex.def)             Requested size: 462.52765pt x 172.36382pt.

Overfull \hbox (7.52765pt too wide) in paragraph at lines 694--696
 [] 
 []
>>>>>>> 1f22df0... tentando ajeitar tudo

File: ../../Pictures/logoUEM.jpg Graphic file (type jpg)
<use ../../Pictures/logoUEM.jpg>
Package pdftex.def Info: ../../Pictures/logoUEM.jpg  used on input line 178.
(pdftex.def)             Requested size: 809.41849pt x 871.4739pt.

Overfull \hbox (211.91061pt too wide) has occurred while \output is active
 [][] 
 []

[3


]
File: ../../Pictures/logoUEM.jpg Graphic file (type jpg)
<use ../../Pictures/logoUEM.jpg>
Package pdftex.def Info: ../../Pictures/logoUEM.jpg  used on input line 229.
(pdftex.def)             Requested size: 809.41849pt x 871.4739pt.

Overfull \hbox (211.91061pt too wide) has occurred while \output is active
 [][] 
 []

[4

]
<<<<<<< HEAD
=======
</home/grmunhoz/Documents/Munhoz/University/Pictures/etapas.JPG, id=341, 640.39
25pt x 66.2475pt>
File: /home/grmunhoz/Documents/Munhoz/University/Pictures/etapas.JPG Graphic fi
le (type jpg)
<use /home/grmunhoz/Documents/Munhoz/University/Pictures/etapas.JPG>
Package pdftex.def Info: /home/grmunhoz/Documents/Munhoz/University/Pictures/et
apas.JPG  used on input line 756.
(pdftex.def)             Requested size: 448.27168pt x 46.37292pt.
</home/grmunhoz/Documents/Munhoz/University/Pictures/ciclo.JPG, id=342, 252.443
13pt x 219.82124pt>
File: /home/grmunhoz/Documents/Munhoz/University/Pictures/ciclo.JPG Graphic fil
e (type jpg)
<use /home/grmunhoz/Documents/Munhoz/University/Pictures/ciclo.JPG>
Package pdftex.def Info: /home/grmunhoz/Documents/Munhoz/University/Pictures/ci
clo.JPG  used on input line 769.
(pdftex.def)             Requested size: 252.4425pt x 219.8207pt.
>>>>>>> 1f22df0... tentando ajeitar tudo
File: ../../Pictures/logoUEM.jpg Graphic file (type jpg)
<use ../../Pictures/logoUEM.jpg>
Package pdftex.def Info: ../../Pictures/logoUEM.jpg  used on input line 229.
(pdftex.def)             Requested size: 809.41849pt x 871.4739pt.

Overfull \hbox (211.91061pt too wide) has occurred while \output is active
 [][] 
 []

<<<<<<< HEAD
[5]
=======
[27 </home/grmunhoz/Documents/Munhoz/University/Pictures/etapas.JPG>]
</home/grmunhoz/Documents/Munhoz/University/Pictures/req. cliente.JPG, id=349, 
287.57437pt x 183.68625pt>
File: /home/grmunhoz/Documents/Munhoz/University/Pictures/req. cliente.JPG Grap
hic file (type jpg)
<use /home/grmunhoz/Documents/Munhoz/University/Pictures/req. cliente.JPG>
Package pdftex.def Info: /home/grmunhoz/Documents/Munhoz/University/Pictures/re
q. cliente.JPG  used on input line 793.
(pdftex.def)             Requested size: 258.81454pt x 165.31607pt.
>>>>>>> 1f22df0... tentando ajeitar tudo
File: ../../Pictures/logoUEM.jpg Graphic file (type jpg)
<use ../../Pictures/logoUEM.jpg>
Package pdftex.def Info: ../../Pictures/logoUEM.jpg  used on input line 262.
(pdftex.def)             Requested size: 809.41849pt x 871.4739pt.

Overfull \hbox (211.91061pt too wide) has occurred while \output is active
 [][] 
 []

<<<<<<< HEAD
[6

]
=======
[28 </home/grmunhoz/Documents/Munhoz/University/Pictures/ciclo.JPG>]
</home/grmunhoz/Documents/Munhoz/University/Pictures/req. produto.JPG, id=355, 
163.10938pt x 108.405pt>
File: /home/grmunhoz/Documents/Munhoz/University/Pictures/req. produto.JPG Grap
hic file (type jpg)
<use /home/grmunhoz/Documents/Munhoz/University/Pictures/req. produto.JPG>
Package pdftex.def Info: /home/grmunhoz/Documents/Munhoz/University/Pictures/re
q. produto.JPG  used on input line 807.
(pdftex.def)             Requested size: 146.79706pt x 97.56358pt.
File: ../../Pictures/logoUEM.jpg Graphic file (type jpg)
<use ../../Pictures/logoUEM.jpg>
Package pdftex.def Info: ../../Pictures/logoUEM.jpg  used on input line 816.
(pdftex.def)             Requested size: 809.41849pt x 871.4739pt.

Overfull \hbox (211.91061pt too wide) has occurred while \output is active
 [][] 
 []

[29 </home/grmunhoz/Documents/Munhoz/University/Pictures/req. cliente.JPG> </ho
me/grmunhoz/Documents/Munhoz/University/Pictures/req. produto.JPG>]
</home/grmunhoz/Documents/Munhoz/University/Pictures/IM.JPG, id=362, 206.7725pt
 x 135.00438pt>
File: /home/grmunhoz/Documents/Munhoz/University/Pictures/IM.JPG Graphic file (
type jpg)
<use /home/grmunhoz/Documents/Munhoz/University/Pictures/IM.JPG>
Package pdftex.def Info: /home/grmunhoz/Documents/Munhoz/University/Pictures/IM
.JPG  used on input line 824.
(pdftex.def)             Requested size: 206.77199pt x 135.00403pt.
</home/grmunhoz/Documents/Munhoz/University/Pictures/Importancia.JPG, id=363, 3
24.71312pt x 110.4125pt>
File: /home/grmunhoz/Documents/Munhoz/University/Pictures/Importancia.JPG Graph
ic file (type jpg)
<use /home/grmunhoz/Documents/Munhoz/University/Pictures/Importancia.JPG>
Package pdftex.def Info: /home/grmunhoz/Documents/Munhoz/University/Pictures/Im
portancia.JPG  used on input line 842.
(pdftex.def)             Requested size: 324.71233pt x 110.41222pt.
>>>>>>> 1f22df0... tentando ajeitar tudo
File: ../../Pictures/logoUEM.jpg Graphic file (type jpg)
<use ../../Pictures/logoUEM.jpg>
Package pdftex.def Info: ../../Pictures/logoUEM.jpg  used on input line 277.
(pdftex.def)             Requested size: 809.41849pt x 871.4739pt.

Overfull \hbox (211.91061pt too wide) has occurred while \output is active
 [][] 
 []

<<<<<<< HEAD
[7

]
File: ../../Pictures/logoUEM.jpg Graphic file (type jpg)
<use ../../Pictures/logoUEM.jpg>
Package pdftex.def Info: ../../Pictures/logoUEM.jpg  used on input line 300.
=======
[30 </home/grmunhoz/Documents/Munhoz/University/Pictures/IM.JPG>]
</home/grmunhoz/Documents/Munhoz/University/Pictures/especificacoes.JPG, id=370
, 324.21124pt x 108.405pt>
File: /home/grmunhoz/Documents/Munhoz/University/Pictures/especificacoes.JPG Gr
aphic file (type jpg)
<use /home/grmunhoz/Documents/Munhoz/University/Pictures/especificacoes.JPG>
Package pdftex.def Info: /home/grmunhoz/Documents/Munhoz/University/Pictures/es
pecificacoes.JPG  used on input line 856.
(pdftex.def)             Requested size: 324.21045pt x 108.40472pt.
File: ../../Pictures/logoUEM.jpg Graphic file (type jpg)
<use ../../Pictures/logoUEM.jpg>
Package pdftex.def Info: ../../Pictures/logoUEM.jpg  used on input line 861.
(pdftex.def)             Requested size: 809.41849pt x 871.4739pt.

Overfull \hbox (211.91061pt too wide) has occurred while \output is active
 [][] 
 []

[31 </home/grmunhoz/Documents/Munhoz/University/Pictures/Importancia.JPG> </hom
e/grmunhoz/Documents/Munhoz/University/Pictures/especificacoes.JPG>]
</home/grmunhoz/Documents/Munhoz/University/Pictures/agua.png, id=377, 766.3631
3pt x 289.08pt>
File: /home/grmunhoz/Documents/Munhoz/University/Pictures/agua.png Graphic file
 (type png)
<use /home/grmunhoz/Documents/Munhoz/University/Pictures/agua.png>
Package pdftex.def Info: /home/grmunhoz/Documents/Munhoz/University/Pictures/ag
ua.png  used on input line 872.
(pdftex.def)             Requested size: 229.9107pt x 86.72466pt.
</home/grmunhoz/Documents/Munhoz/University/Pictures/fluxo.png, id=378, 944.026
87pt x 330.48468pt>
File: /home/grmunhoz/Documents/Munhoz/University/Pictures/fluxo.png Graphic fil
e (type png)
<use /home/grmunhoz/Documents/Munhoz/University/Pictures/fluxo.png>
Package pdftex.def Info: /home/grmunhoz/Documents/Munhoz/University/Pictures/fl
uxo.png  used on input line 883.
(pdftex.def)             Requested size: 472.01228pt x 165.24193pt.

Overfull \hbox (17.01228pt too wide) in paragraph at lines 883--885
 [] 
 []

File: ../../Pictures/logoUEM.jpg Graphic file (type jpg)
<use ../../Pictures/logoUEM.jpg>
Package pdftex.def Info: ../../Pictures/logoUEM.jpg  used on input line 893.
>>>>>>> 1f22df0... tentando ajeitar tudo
(pdftex.def)             Requested size: 809.41849pt x 871.4739pt.

Overfull \hbox (211.91061pt too wide) has occurred while \output is active
 [][] 
 []

[8

 </home/grmunhoz/Documents/Munhoz/University/Pictures/agua.png (PNG copy)> </ho
me/grmunhoz/Documents/Munhoz/University/Pictures/fluxo.png (PNG copy)>]
</home/grmunhoz/Documents/Munhoz/University/Pictures/alternativas.png, id=385, 
678.28406pt x 130.23656pt>
File: /home/grmunhoz/Documents/Munhoz/University/Pictures/alternativas.png Grap
hic file (type png)
<use /home/grmunhoz/Documents/Munhoz/University/Pictures/alternativas.png>
Package pdftex.def Info: /home/grmunhoz/Documents/Munhoz/University/Pictures/al
ternativas.png  used on input line 902.
(pdftex.def)             Requested size: 440.87941pt x 84.65276pt.
</home/grmunhoz/Documents/Munhoz/University/Pictures/funcao.png, id=386, 677.53
125pt x 133.24782pt>
File: /home/grmunhoz/Documents/Munhoz/University/Pictures/funcao.png Graphic fi
le (type png)
<use /home/grmunhoz/Documents/Munhoz/University/Pictures/funcao.png>
Package pdftex.def Info: /home/grmunhoz/Documents/Munhoz/University/Pictures/fu
ncao.png  used on input line 915.
(pdftex.def)             Requested size: 440.39009pt x 86.61005pt.
File: ../../Pictures/logoUEM.jpg Graphic file (type jpg)
<use ../../Pictures/logoUEM.jpg>
<<<<<<< HEAD
Package pdftex.def Info: ../../Pictures/logoUEM.jpg  used on input line 327.
=======
Package pdftex.def Info: ../../Pictures/logoUEM.jpg  used on input line 923.
>>>>>>> 1f22df0... tentando ajeitar tudo
(pdftex.def)             Requested size: 809.41849pt x 871.4739pt.

Overfull \hbox (211.91061pt too wide) has occurred while \output is active
 [][] 
 []

<<<<<<< HEAD
[9
=======
[33 </home/grmunhoz/Documents/Munhoz/University/Pictures/alternativas.png (PNG 
copy)> </home/grmunhoz/Documents/Munhoz/University/Pictures/funcao.png (PNG cop
y)>]
</home/grmunhoz/Documents/Munhoz/University/Pictures/draft2.1.png, id=393, 352.
31625pt x 478.03593pt>
File: /home/grmunhoz/Documents/Munhoz/University/Pictures/draft2.1.png Graphic 
file (type png)
<use /home/grmunhoz/Documents/Munhoz/University/Pictures/draft2.1.png>
Package pdftex.def Info: /home/grmunhoz/Documents/Munhoz/University/Pictures/dr
aft2.1.png  used on input line 931.
(pdftex.def)             Requested size: 246.61969pt x 334.62286pt.
File: ../../Pictures/logoUEM.jpg Graphic file (type jpg)
<use ../../Pictures/logoUEM.jpg>
Package pdftex.def Info: ../../Pictures/logoUEM.jpg  used on input line 941.
(pdftex.def)             Requested size: 809.41849pt x 871.4739pt.

Overfull \hbox (211.91061pt too wide) has occurred while \output is active
 [][] 
 []
>>>>>>> 1f22df0... tentando ajeitar tudo

[34 </home/grmunhoz/Documents/Munhoz/University/Pictures/draft2.1.png (PNG copy
)>]
File: ../../Pictures/logoUEM.jpg Graphic file (type jpg)
<use ../../Pictures/logoUEM.jpg>
Package pdftex.def Info: ../../Pictures/logoUEM.jpg  used on input line 960.
(pdftex.def)             Requested size: 809.41849pt x 871.4739pt.

Overfull \hbox (211.91061pt too wide) has occurred while \output is active
 [][] 
 []

[35]
</home/grmunhoz/Documents/Munhoz/University/Pictures/arvore.png, id=403, 373.39
5pt x 414.79968pt>
File: /home/grmunhoz/Documents/Munhoz/University/Pictures/arvore.png Graphic fi
le (type png)
<use /home/grmunhoz/Documents/Munhoz/University/Pictures/arvore.png>
Package pdftex.def Info: /home/grmunhoz/Documents/Munhoz/University/Pictures/ar
vore.png  used on input line 983.
(pdftex.def)             Requested size: 224.03873pt x 248.88173pt.
File: ../../Pictures/logoUEM.jpg Graphic file (type jpg)
<use ../../Pictures/logoUEM.jpg>
Package pdftex.def Info: ../../Pictures/logoUEM.jpg  used on input line 990.
(pdftex.def)             Requested size: 809.41849pt x 871.4739pt.

Overfull \hbox (211.91061pt too wide) has occurred while \output is active
 [][] 
 []

[36

 </home/grmunhoz/Documents/Munhoz/University/Pictures/arvore.png (PNG copy)>]
</home/grmunhoz/Documents/Munhoz/University/Pictures/processo.png, id=410, 861.
2175pt x 178.41656pt>
File: /home/grmunhoz/Documents/Munhoz/University/Pictures/processo.png Graphic 
file (type png)
<use /home/grmunhoz/Documents/Munhoz/University/Pictures/processo.png>
Package pdftex.def Info: /home/grmunhoz/Documents/Munhoz/University/Pictures/pr
ocesso.png  used on input line 1020.
(pdftex.def)             Requested size: 430.6077pt x 89.20805pt.
File: ../../Pictures/logoUEM.jpg Graphic file (type jpg)
<use ../../Pictures/logoUEM.jpg>
Package pdftex.def Info: ../../Pictures/logoUEM.jpg  used on input line 1025.
(pdftex.def)             Requested size: 809.41849pt x 871.4739pt.

Overfull \hbox (211.91061pt too wide) has occurred while \output is active
 [][] 
 []

[37]
</home/grmunhoz/Documents/Munhoz/University/Pictures/plastico.jpg, id=415, 803.
0pt x 602.25pt>
File: /home/grmunhoz/Documents/Munhoz/University/Pictures/plastico.jpg Graphic 
file (type jpg)
<use /home/grmunhoz/Documents/Munhoz/University/Pictures/plastico.jpg>
Package pdftex.def Info: /home/grmunhoz/Documents/Munhoz/University/Pictures/pl
astico.jpg  used on input line 1049.
(pdftex.def)             Requested size: 240.90186pt x 180.67639pt.
File: ../../Pictures/logoUEM.jpg Graphic file (type jpg)
<use ../../Pictures/logoUEM.jpg>
Package pdftex.def Info: ../../Pictures/logoUEM.jpg  used on input line 1054.
(pdftex.def)             Requested size: 809.41849pt x 871.4739pt.

Overfull \hbox (211.91061pt too wide) has occurred while \output is active
 [][] 
 []

[38 </home/grmunhoz/Documents/Munhoz/University/Pictures/processo.png (PNG copy
)>]
File: ../../Pictures/logoUEM.jpg Graphic file (type jpg)
<use ../../Pictures/logoUEM.jpg>
Package pdftex.def Info: ../../Pictures/logoUEM.jpg  used on input line 1074.
(pdftex.def)             Requested size: 809.41849pt x 871.4739pt.

Overfull \hbox (211.91061pt too wide) has occurred while \output is active
 [][] 
 []

[39 </home/grmunhoz/Documents/Munhoz/University/Pictures/plastico.jpg>]
</home/grmunhoz/Documents/Munhoz/University/Pictures/embalagem.JPG, id=427, 313
.17pt x 221.82875pt>
File: /home/grmunhoz/Documents/Munhoz/University/Pictures/embalagem.JPG Graphic
 file (type jpg)
<use /home/grmunhoz/Documents/Munhoz/University/Pictures/embalagem.JPG>
Package pdftex.def Info: /home/grmunhoz/Documents/Munhoz/University/Pictures/em
balagem.JPG  used on input line 1091.
(pdftex.def)             Requested size: 219.21748pt x 155.27905pt.
</home/grmunhoz/Documents/Munhoz/University/Pictures/bio pack.JPG, id=428, 346.
79562pt x 324.71312pt>
File: /home/grmunhoz/Documents/Munhoz/University/Pictures/bio pack.JPG Graphic 
file (type jpg)
<use /home/grmunhoz/Documents/Munhoz/University/Pictures/bio pack.JPG>
Package pdftex.def Info: /home/grmunhoz/Documents/Munhoz/University/Pictures/bi
o pack.JPG  used on input line 1100.
(pdftex.def)             Requested size: 173.39738pt x 162.35616pt.
File: ../../Pictures/logoUEM.jpg Graphic file (type jpg)
<use ../../Pictures/logoUEM.jpg>
<<<<<<< HEAD
Package pdftex.def Info: ../../Pictures/logoUEM.jpg  used on input line 332.
=======
Package pdftex.def Info: ../../Pictures/logoUEM.jpg  used on input line 1105.
>>>>>>> 1f22df0... tentando ajeitar tudo
(pdftex.def)             Requested size: 809.41849pt x 871.4739pt.

Overfull \hbox (211.91061pt too wide) has occurred while \output is active
 [][] 
 []

<<<<<<< HEAD
[10
=======
[40 </home/grmunhoz/Documents/Munhoz/University/Pictures/embalagem.JPG>]
File: ../../Pictures/logoUEM.jpg Graphic file (type jpg)
<use ../../Pictures/logoUEM.jpg>
Package pdftex.def Info: ../../Pictures/logoUEM.jpg  used on input line 1125.
(pdftex.def)             Requested size: 809.41849pt x 871.4739pt.

Overfull \hbox (211.91061pt too wide) has occurred while \output is active
 [][] 
 []

[41 </home/grmunhoz/Documents/Munhoz/University/Pictures/bio pack.JPG>]
</home/grmunhoz/Documents/Munhoz/University/Pictures/lixeira.JPG, id=439, 587.1
9376pt x 587.19376pt>
File: /home/grmunhoz/Documents/Munhoz/University/Pictures/lixeira.JPG Graphic f
ile (type jpg)
<use /home/grmunhoz/Documents/Munhoz/University/Pictures/lixeira.JPG>
Package pdftex.def Info: /home/grmunhoz/Documents/Munhoz/University/Pictures/li
xeira.JPG  used on input line 1129.
(pdftex.def)             Requested size: 176.15948pt x 176.15948pt.
File: ../../Pictures/logoUEM.jpg Graphic file (type jpg)
<use ../../Pictures/logoUEM.jpg>
Package pdftex.def Info: ../../Pictures/logoUEM.jpg  used on input line 1146.
(pdftex.def)             Requested size: 809.41849pt x 871.4739pt.

Overfull \hbox (211.91061pt too wide) has occurred while \output is active
 [][] 
 []
>>>>>>> 1f22df0... tentando ajeitar tudo

[42 </home/grmunhoz/Documents/Munhoz/University/Pictures/lixeira.jpg>]
(./ProjetoProduto.bbl
bibitemlist

LaTeX Warning: Empty `thebibliography' environment on input line 8.

)
File: ../../Pictures/logoUEM.jpg Graphic file (type jpg)
<use ../../Pictures/logoUEM.jpg>
<<<<<<< HEAD
Package pdftex.def Info: ../../Pictures/logoUEM.jpg  used on input line 346.
=======
Package pdftex.def Info: ../../Pictures/logoUEM.jpg  used on input line 1165.
>>>>>>> 1f22df0... tentando ajeitar tudo
(pdftex.def)             Requested size: 809.41849pt x 871.4739pt.

Overfull \hbox (211.91061pt too wide) has occurred while \output is active
 [][] 
 []

<<<<<<< HEAD
[11
=======
[43
>>>>>>> 1f22df0... tentando ajeitar tudo

]
\tf@toc=\write5
\openout5 = `ProjetoProduto.toc'.

<<<<<<< HEAD
Package atveryend Info: Empty hook `BeforeClearDocument' on input line 346.
Package atveryend Info: Empty hook `AfterLastShipout' on input line 346.
 (./ProjetoProduto.aux)
Package atveryend Info: Executing hook `AtVeryEndDocument' on input line 346.
Package atveryend Info: Empty hook `AtEndAfterFileList' on input line 346.
=======
Package atveryend Info: Empty hook `BeforeClearDocument' on input line 1165.
Package atveryend Info: Empty hook `AfterLastShipout' on input line 1165.
 (./ProjetoProduto.aux)
Package atveryend Info: Executing hook `AtVeryEndDocument' on input line 1165.
Package atveryend Info: Empty hook `AtEndAfterFileList' on input line 1165.
>>>>>>> 1f22df0... tentando ajeitar tudo


LaTeX Warning: There were undefined references.

<<<<<<< HEAD
Package atveryend Info: Empty hook `AtVeryVeryEnd' on input line 346.
 ) 
Here is how much of TeX's memory you used:
 18138 strings out of 481239
 283483 string characters out of 5920377
 905737 words of memory out of 5000000
 32947 multiletter control sequences out of 15000+600000
 588215 words of font info for 83 fonts, out of 8000000 for 9000
=======
Package atveryend Info: Empty hook `AtVeryVeryEnd' on input line 1165.
 ) 
Here is how much of TeX's memory you used:
 18738 strings out of 481239
 302333 string characters out of 5920377
 755229 words of memory out of 5000000
 33341 multiletter control sequences out of 15000+600000
 616414 words of font info for 141 fonts, out of 8000000 for 9000
>>>>>>> 1f22df0... tentando ajeitar tudo
 1141 hyphenation exceptions out of 8191
 42i,15n,60p,994b,557s stack positions out of 5000i,500n,10000p,200000b,80000s
{/usr/share/texmf/fonts/enc/dvips/lm/lm-ec.enc}{/usr/share/texmf/fonts/enc/dv
<<<<<<< HEAD
ips/lm/lm-ts1.enc}{/usr/share/texmf/fonts/enc/dvips/lm/lm-rm.enc}</usr/share/te
xmf/fonts/type1/public/lm/lmbx12.pfb></usr/share/texmf/fonts/type1/public/lm/lm
r10.pfb></usr/share/texmf/fonts/type1/public/lm/lmr12.pfb></usr/share/texmf/fon
ts/type1/public/lm/lmri10.pfb></usr/share/texmf/fonts/type1/public/lm/lmri12.pf
b></usr/share/texmf/fonts/type1/public/lm/lmss12.pfb></usr/share/texmf/fonts/ty
pe1/public/lm/lmss17.pfb></usr/share/texmf/fonts/type1/public/lm/lmssbx10.pfb>
Output written on ProjetoProduto.pdf (12 pages, 357024 bytes).
PDF statistics:
 423 PDF objects out of 1000 (max. 8388607)
 394 compressed objects within 4 object streams
 75 named destinations out of 1000 (max. 500000)
 21483 words of extra memory for PDF output out of 24883 (max. 10000000)
=======
ips/lm/lm-mathsy.enc}{/usr/share/texmf/fonts/enc/dvips/lm/lm-rm.enc}{/usr/share
/texmf/fonts/enc/dvips/lm/lm-ts1.enc}</usr/share/texmf/fonts/type1/public/lm/lm
bx10.pfb></usr/share/texmf/fonts/type1/public/lm/lmbx12.pfb></usr/share/texmf/f
onts/type1/public/lm/lmr10.pfb></usr/share/texmf/fonts/type1/public/lm/lmr12.pf
b></usr/share/texmf/fonts/type1/public/lm/lmri10.pfb></usr/share/texmf/fonts/ty
pe1/public/lm/lmri12.pfb></usr/share/texmf/fonts/type1/public/lm/lmss12.pfb></u
sr/share/texmf/fonts/type1/public/lm/lmss17.pfb></usr/share/texmf/fonts/type1/p
ublic/lm/lmssbx10.pfb></usr/share/texmf/fonts/type1/public/lm/lmsy10.pfb>
Output written on ProjetoProduto.pdf (44 pages, 2901977 bytes).
PDF statistics:
 704 PDF objects out of 1000 (max. 8388607)
 595 compressed objects within 6 object streams
 162 named destinations out of 1000 (max. 500000)
 29807 words of extra memory for PDF output out of 29859 (max. 10000000)
>>>>>>> 1f22df0... tentando ajeitar tudo

