This is pdfTeX, Version 3.14159265-2.6-1.40.20 (TeX Live 2019/Debian) (preloaded format=pdflatex 2021.9.20)  20 SEP 2021 18:09
entering extended mode
 restricted \write18 enabled.
 %&-line parsing enabled.
**ModelTCC.tex
(./ModelTCC.tex
LaTeX2e <2020-02-02> patch level 2
L3 programming layer <2020-02-14>
(/usr/share/texlive/texmf-dist/tex/latex/abntex2/abntex2.cls
Document Class: abntex2 2018/11/24 v-1.9.7 abnTeX2
(/usr/share/texlive/texmf-dist/tex/latex/base/ifthen.sty
Package: ifthen 2014/09/29 v1.1c Standard LaTeX ifthen package (DPC)
)
(/usr/share/texlive/texmf-dist/tex/latex/memoir/memoir.cls
Document Class: memoir 2019/11/21 v3.7j configurable book, report, article docu
ment class
\onelineskip=\skip47
\lxvchars=\skip48
\xlvchars=\skip49
\@memcnta=\count167
\c@@memmarkcntra=\count168
LaTeX Info: Redefining \InputIfFileExists on input line 140.
(/usr/share/texlive/texmf-dist/tex/generic/iftex/iftex.sty
Package: iftex 2019/11/07 v1.0c TeX engine tests
)
\stockheight=\skip50
\stockwidth=\skip51
\trimtop=\skip52
\trimedge=\skip53

(/usr/share/texlive/texmf-dist/tex/latex/memoir/mem12.clo
File: mem12.clo 2010/10/19 v0.4b memoir class 12pt size option
)
\binding=\skip54
\spinemargin=\skip55
\foremargin=\skip56
\uppermargin=\skip57
\lowermargin=\skip58
\headdrop=\skip59
\normalrulethickness=\skip60
\mem@maxheadheight=\skip61
\mem@maxfootheight=\skip62
\headwidth=\skip63
\c@storedpagenumber=\count169
\memPD=\dimen134
\m@mabparskip=\skip64
\thanksmarkwidth=\skip65
\thanksmarksep=\skip66
\droptitle=\skip67
\c@book=\count170
\c@part=\count171
\c@chapter=\count172
\c@section=\count173
\c@subsection=\count174
\c@subsubsection=\count175
\c@paragraph=\count176
\c@subparagraph=\count177
\beforechapskip=\skip68
\midchapskip=\skip69
\afterchapskip=\skip70
\chapindent=\skip71
\bottomsectionskip=\skip72
\secindent=\skip73
\beforesecskip=\skip74
\aftersecskip=\skip75
\subsecindent=\skip76
\beforesubsecskip=\skip77
\aftersubsecskip=\skip78
\subsubsecindent=\skip79
\beforesubsubsecskip=\skip80
\aftersubsubsecskip=\skip81
\paraindent=\skip82
\beforeparaskip=\skip83
\afterparaskip=\skip84
\subparaindent=\skip85
\beforesubparaskip=\skip86
\aftersubparaskip=\skip87
\pfbreakskip=\skip88
\c@@ppsavesec=\count178
\c@@ppsaveapp=\count179
\ragrparindent=\dimen135
\everylistparindent=\dimen136
\parsepi=\skip89
\topsepi=\skip90
\itemsepi=\skip91
\parsepii=\skip92
\topsepii=\skip93
\topsepiii=\skip94
\itemsepii=\skip95
\itemsepiii=\skip96
\partopsepii=\skip97
\partopsepiii=\skip98
\m@msavetopsep=\skip99
\m@msavepartopsep=\skip100
\@enLab=\toks14
\abstitleskip=\skip101
\absleftindent=\skip102
\abs@leftindent=\dimen137
\absrightindent=\skip103
\absparindent=\skip104
\absparsep=\skip105
\c@vslineno=\count180
\c@poemline=\count181
\c@modulo@vs=\count182
\c@memfvsline=\count183
\vleftskip=\skip106
\vrightskip=\skip107
\stanzaskip=\skip108
\versewidth=\skip109
\vgap=\skip110
\vindent=\skip111
\vleftmargin=\dimen138
\c@verse=\count184
\c@chrsinstr=\count185
\beforepoemtitleskip=\skip112
\afterpoemtitleskip=\skip113
\c@poem=\count186
\beforePoemTitleskip=\skip114
\midPoemTitleskip=\skip115
\afterPoemTitleskip=\skip116

(/usr/share/texlive/texmf-dist/tex/latex/tools/array.sty
Package: array 2019/08/31 v2.4l Tabular extension package (FMi)
\col@sep=\dimen139
\ar@mcellbox=\box45
\extrarowheight=\dimen140
\NC@list=\toks15
\extratabsurround=\skip117
\backup@length=\skip118
\ar@cellbox=\box46
)
(/usr/share/texlive/texmf-dist/tex/latex/tools/dcolumn.sty
Package: dcolumn 2014/10/28 v1.06 decimal alignment package (DPC)
)
(/usr/share/texlive/texmf-dist/tex/latex/tools/delarray.sty
Package: delarray 2014/10/28 v1.01 array delimiter package (DPC)
)
(/usr/share/texlive/texmf-dist/tex/latex/tools/tabularx.sty
Package: tabularx 2020/01/15 v2.11c `tabularx' package (DPC)
\TX@col@width=\dimen141
\TX@old@table=\dimen142
\TX@old@col=\dimen143
\TX@target=\dimen144
\TX@delta=\dimen145
\TX@cols=\count187
\TX@ftn=\toks16
)
\heavyrulewidth=\dimen146
\lightrulewidth=\dimen147
\cmidrulewidth=\dimen148
\belowrulesep=\dimen149
\belowbottomsep=\dimen150
\aboverulesep=\dimen151
\abovetopsep=\dimen152
\cmidrulesep=\dimen153
\cmidrulekern=\dimen154
\defaultaddspace=\dimen155
\@cmidla=\count188
\@cmidlb=\count189
\@aboverulesep=\dimen156
\@belowrulesep=\dimen157
\@thisruleclass=\count190
\@lastruleclass=\count191
\@thisrulewidth=\dimen158
\ctableftskip=\skip119
\ctabrightskip=\skip120
\abovecolumnspenalty=\count192
\@linestogo=\count193
\@cellstogo=\count194
\@cellsincolumn=\count195
\crtok=\toks17
\@mincolumnwidth=\dimen159
\c@newflo@tctr=\count196
\mem@margin@floatbox=\box47
\@contcwidth=\skip121
\@contindw=\skip122
\abovecaptionskip=\skip123
\belowcaptionskip=\skip124
\subfloattopskip=\skip125
\subfloatcapskip=\skip126
\subfloatcaptopadj=\skip127
\subfloatbottomskip=\skip128
\subfloatlabelskip=\skip129
\subfloatcapmargin=\dimen160
\c@@contsubnum=\count197
\m@mscap@capbox=\box48
\m@mscap@fbox=\box49
\sidecapsep=\dimen161
\sidecapwidth=\dimen162
\m@m@tempdima=\dimen163
\m@mscapraise=\dimen164
\sidecapraise=\dimen165
\m@mscapmainwidth=\dimen166
\m@mscaplkern=\dimen167
\beforeepigraphskip=\skip130
\afterepigraphskip=\skip131
\epigraphwidth=\skip132
\epigraphrule=\skip133
LaTeX Info: Redefining \em on input line 7662.
LaTeX Info: Redefining \emph on input line 7670.
\tocentryskip=\skip134
\tocbaseline=\skip135
\cftparskip=\skip136
\cftbeforebookskip=\skip137
\cftbookindent=\dimen168
\cftbooknumwidth=\dimen169
\cftbeforepartskip=\skip138
\cftpartindent=\skip139
\cftpartnumwidth=\skip140
\cftbeforechapterskip=\skip141
\cftchapterindent=\skip142
\cftchapternumwidth=\skip143
\cftbeforesectionskip=\skip144
\cftsectionindent=\skip145
\cftsectionnumwidth=\skip146
\cftbeforesubsectionskip=\skip147
\cftsubsectionindent=\skip148
\cftsubsectionnumwidth=\skip149
\cftbeforesubsubsectionskip=\skip150
\cftsubsubsectionindent=\skip151
\cftsubsubsectionnumwidth=\skip152
\cftbeforeparagraphskip=\skip153
\cftparagraphindent=\skip154
\cftparagraphnumwidth=\skip155
\cftbeforesubparagraphskip=\skip156
\cftsubparagraphindent=\skip157
\cftsubparagraphnumwidth=\skip158
\prechapterprecisshift=\dimen170
\c@maxsecnumdepth=\count198
\bibindent=\dimen171
\bibitemsep=\skip159
\indexcolsep=\skip160
\indexrule=\skip161
\indexmarkstyle=\toks18
\@indexbox=\insert199
\glossarycolsep=\dimen172
\glossaryrule=\dimen173
\sideparvshift=\skip162
\sideins=\insert252
\sidebartopsep=\skip163
\sidebarhsep=\skip164
\sidebarvsep=\skip165
\sidebarwidth=\skip166
\footmarkwidth=\skip167
\footmarksep=\skip168
\footparindent=\skip169
\footinsdim=\skip170
\footinsv@r=\insert251
\@mpfootinsv@r=\insert250
\m@m@k=\count266
\m@m@h=\dimen174
\m@mipn@skip=\skip171
\sidefootins=\insert249
\sidefootadjust=\skip172
\sidefootheight=\skip173
\sidefoothsep=\skip174
\sidefootvsep=\skip175
\sidefootwidth=\skip176
\m@mdownsf=\skip177
\c@sidefootnote=\count267
\sidefootmarkwidth=\skip178
\sidefootmarksep=\skip179
\sidefootparindent=\skip180
\c@pagenote=\count268
\c@pagenoteshadow=\count269
\mem@pn@lastkern=\skip181
\every@verbatim=\toks19
\afterevery@verbatim=\toks20
\verbatim@line=\toks21
\tab@position=\count270
\verbatim@in@stream=\read2
\verbatimindent=\skip182
\verbatim@out=\write3
\bvboxsep=\skip183
\c@memfbvline=\count271
\c@bvlinectr=\count272
\bvnumlength=\skip184
\fb@frw=\dimen175
\fb@frh=\dimen176
\FrameRule=\dimen177
\FrameSep=\dimen178
\c@cp@cntr=\count273
LaTeX Info: Redefining \: on input line 12187.
LaTeX Info: Redefining \! on input line 12189.
\c@ism@mctr=\count274
\c@xsm@mctr=\count275
\c@csm@mctr=\count276
\c@ksm@mctr=\count277
\c@xksm@mctr=\count278
\c@cksm@mctr=\count279
\c@msm@mctr=\count280
\c@xmsm@mctr=\count281
\c@cmsm@mctr=\count282
\c@bsm@mctr=\count283
\c@workm@mctr=\count284
\c@sheetsequence=\count285
\c@lastsheet=\count286
\c@lastpage=\count287

(/usr/share/texlive/texmf-dist/tex/latex/textcase/textcase.sty
Package: textcase 2019/09/14 v1.00 Text only upper/lower case changing (DPC)
)
\c@figure=\count288
\c@lofdepth=\count289
\cftbeforefigureskip=\skip185
\cftfigureindent=\skip186
\cftfigurenumwidth=\skip187
\c@table=\count290
\c@lotdepth=\count291
\cftbeforetableskip=\skip188
\cfttableindent=\skip189
\cfttablenumwidth=\skip190
Package abstract [2008/07/23] emulated by memoir.
Package appendix [2008/07/23] emulated by memoir.
Package booktabs [2016/05/16] emulated by memoir.
Package ccaption [2008/07/23] emulated by memoir.
Package changepage [2008/07/23] emulated by memoir.
Package chngcntr [2008/07/23] emulated by memoir.
Package chngpage [2008/07/23] emulated by memoir.
Package crop emulated by memoir.
Package enumerate [2008/07/23] emulated by memoir.
Package epigraph [2008/07/23] emulated by memoir.
Package ifmtarg [2008/07/23] emulated by memoir.
Package index [2008/07/23] emulated by memoir.
Package makeidx [2008/07/23] emulated by memoir.
Package moreverb [2008/07/23] emulated by memoir.
Package mparhack [2008/07/23] emulated by memoir.
Package needspace [2008/07/23] emulated by memoir.
Package newfile [2008/07/23] emulated by memoir.
Package nextpage [2008/07/23] emulated by memoir.
Package pagenote [2008/07/23] emulated by memoir.
Package parskip [2008/07/23] emulated by memoir.
Package patchcmd [2008/07/23] emulated by memoir.
Package setspace [2008/07/23] emulated by memoir.
Package shortvrb [2008/07/23] emulated by memoir.
Package showidx [2008/07/23] emulated by memoir.
Package titleref [2008/07/23] emulated by memoir.
Package titling [2008/07/23] emulated by memoir.
Package tocbibind [2008/07/23] emulated by memoir.
Package tocloft [2008/07/23] emulated by memoir.
Package tocvsec2 [2008/07/23] emulated by memoir.
Package verbatim [2008/07/23] emulated by memoir.
Package verse [2008/07/23] emulated by memoir.
)
(/usr/share/texlive/texmf-dist/tex/latex/hyperref/hyperref.sty
Package: hyperref 2020/01/14 v7.00d Hypertext links for LaTeX

(/usr/share/texlive/texmf-dist/tex/generic/ltxcmds/ltxcmds.sty
Package: ltxcmds 2019/12/15 v1.24 LaTeX kernel commands for general use (HO)
)
(/usr/share/texlive/texmf-dist/tex/latex/pdftexcmds/pdftexcmds.sty
Package: pdftexcmds 2019/11/24 v0.31 Utility functions of pdfTeX for LuaTeX (HO
)

(/usr/share/texlive/texmf-dist/tex/generic/infwarerr/infwarerr.sty
Package: infwarerr 2019/12/03 v1.5 Providing info/warning/error messages (HO)
)
Package pdftexcmds Info: \pdf@primitive is available.
Package pdftexcmds Info: \pdf@ifprimitive is available.
Package pdftexcmds Info: \pdfdraftmode found.
)
(/usr/share/texlive/texmf-dist/tex/latex/graphics/keyval.sty
Package: keyval 2014/10/28 v1.15 key=value parser (DPC)
\KV@toks@=\toks22
)
(/usr/share/texlive/texmf-dist/tex/generic/kvsetkeys/kvsetkeys.sty
Package: kvsetkeys 2019/12/15 v1.18 Key value parser (HO)
)
(/usr/share/texlive/texmf-dist/tex/generic/kvdefinekeys/kvdefinekeys.sty
Package: kvdefinekeys 2019-12-19 v1.6 Define keys (HO)
)
(/usr/share/texlive/texmf-dist/tex/generic/pdfescape/pdfescape.sty
Package: pdfescape 2019/12/09 v1.15 Implements pdfTeX's escape features (HO)
)
(/usr/share/texlive/texmf-dist/tex/latex/hycolor/hycolor.sty
Package: hycolor 2020-01-27 v1.10 Color options for hyperref/bookmark (HO)
)
(/usr/share/texlive/texmf-dist/tex/latex/letltxmacro/letltxmacro.sty
Package: letltxmacro 2019/12/03 v1.6 Let assignment for LaTeX macros (HO)
)
(/usr/share/texlive/texmf-dist/tex/latex/auxhook/auxhook.sty
Package: auxhook 2019-12-17 v1.6 Hooks for auxiliary files (HO)
)
(/usr/share/texlive/texmf-dist/tex/latex/kvoptions/kvoptions.sty
Package: kvoptions 2019/11/29 v3.13 Key value format for package options (HO)
)
\@linkdim=\dimen179
\Hy@linkcounter=\count292
\Hy@pagecounter=\count293

(/usr/share/texlive/texmf-dist/tex/latex/hyperref/pd1enc.def
File: pd1enc.def 2020/01/14 v7.00d Hyperref: PDFDocEncoding definition (HO)
Now handling font encoding PD1 ...
... no UTF-8 mapping file for font encoding PD1
)
(/usr/share/texlive/texmf-dist/tex/generic/intcalc/intcalc.sty
Package: intcalc 2019/12/15 v1.3 Expandable calculations with integers (HO)
)
(/usr/share/texlive/texmf-dist/tex/generic/etexcmds/etexcmds.sty
Package: etexcmds 2019/12/15 v1.7 Avoid name clashes with e-TeX commands (HO)
)
\Hy@SavedSpaceFactor=\count294
\pdfmajorversion=\count295
Package hyperref Info: Hyper figures OFF on input line 4547.
Package hyperref Info: Link nesting OFF on input line 4552.
Package hyperref Info: Hyper index ON on input line 4555.
Package hyperref Info: Plain pages OFF on input line 4562.
Package hyperref Info: Backreferencing OFF on input line 4567.
Package hyperref Info: Implicit mode ON; LaTeX internals redefined.
Package hyperref Info: Bookmarks ON on input line 4800.
\c@Hy@tempcnt=\count296

(/usr/share/texlive/texmf-dist/tex/latex/url/url.sty
\Urlmuskip=\muskip16
Package: url 2013/09/16  ver 3.4  Verb mode for urls, etc.
)
LaTeX Info: Redefining \url on input line 5159.
\XeTeXLinkMargin=\dimen180

(/usr/share/texlive/texmf-dist/tex/generic/bitset/bitset.sty
Package: bitset 2019/12/09 v1.3 Handle bit-vector datatype (HO)

(/usr/share/texlive/texmf-dist/tex/generic/bigintcalc/bigintcalc.sty
Package: bigintcalc 2019/12/15 v1.5 Expandable calculations on big integers (HO
)
))
\Fld@menulength=\count297
\Field@Width=\dimen181
\Fld@charsize=\dimen182
Package hyperref Info: Hyper figures OFF on input line 6430.
Package hyperref Info: Link nesting OFF on input line 6435.
Package hyperref Info: Hyper index ON on input line 6438.
Package hyperref Info: backreferencing OFF on input line 6445.
Package hyperref Info: Link coloring OFF on input line 6450.
Package hyperref Info: Link coloring with OCG OFF on input line 6455.
Package hyperref Info: PDF/A mode OFF on input line 6460.
LaTeX Info: Redefining \ref on input line 6500.
LaTeX Info: Redefining \pageref on input line 6504.

(/usr/share/texlive/texmf-dist/tex/generic/atbegshi/atbegshi.sty
Package: atbegshi 2019/12/05 v1.19 At begin shipout hook (HO)
)
\Hy@abspage=\count298
\c@Item=\count299
\c@Hfootnote=\count300
)
(/usr/share/texlive/texmf-dist/tex/latex/memoir/memhfixc.sty
Package: memhfixc 2019/10/24 v1.18 nameref/hyperref package fixes for memoir cl
ass
\c@memhycontfloat=\count301
\c@Hpagenote=\count302
)
Package hyperref Info: Driver (autodetected): hpdftex.

(/usr/share/texlive/texmf-dist/tex/latex/hyperref/hpdftex.def
File: hpdftex.def 2020/01/14 v7.00d Hyperref driver for pdfTeX

(/usr/share/texlive/texmf-dist/tex/latex/atveryend/atveryend.sty
Package: atveryend 2019-12-11 v1.11 Hooks at the very end of document (HO)
Package atveryend Info: \enddocument detected (standard20110627).
)
\Fld@listcount=\count303
\c@bookmark@seq@number=\count304

(/usr/share/texlive/texmf-dist/tex/latex/rerunfilecheck/rerunfilecheck.sty
Package: rerunfilecheck 2019/12/05 v1.9 Rerun checks for auxiliary files (HO)

(/usr/share/texlive/texmf-dist/tex/generic/uniquecounter/uniquecounter.sty
Package: uniquecounter 2019/12/15 v1.4 Provide unlimited unique counter (HO)
)
Package uniquecounter Info: New unique counter `rerunfilecheck' on input line 2
86.
)
\Hy@SectionHShift=\skip191
)
(/usr/share/texlive/texmf-dist/tex/latex/bookmark/bookmark.sty
Package: bookmark 2019/12/03 v1.28 PDF bookmarks (HO)

(/usr/share/texlive/texmf-dist/tex/latex/bookmark/bkm-pdftex.def
File: bkm-pdftex.def 2019/12/03 v1.28 bookmark driver for pdfTeX (HO)
\BKM@id=\count305
))
(/usr/share/texlive/texmf-dist/tex/generic/babel/babel.sty
Package: babel 2020/02/14 3.40 The Babel package

(/usr/share/texlive/texmf-dist/tex/generic/babel/switch.def
File: switch.def 2020/02/14 3.40 Babel switching mechanism
)
(/usr/share/texlive/texmf-dist/tex/generic/babel-english/english.ldf
Language: english 2017/06/06 v3.3r English support from the babel system

(/usr/share/texlive/texmf-dist/tex/generic/babel/babel.def
File: babel.def 2020/02/14 3.40 Babel common definitions
\babel@savecnt=\count306
\U@D=\dimen183

(/usr/share/texlive/texmf-dist/tex/generic/babel/txtbabel.def)
\bbl@readstream=\read3
\bbl@dirlevel=\count307
)
Package babel Info: \l@canadian = using hyphenrules for english
(babel)             (\language0) on input line 102.
Package babel Info: \l@australian = using hyphenrules for ukenglish
(babel)             (\language4) on input line 105.
Package babel Info: \l@newzealand = using hyphenrules for ukenglish
(babel)             (\language4) on input line 108.
)
(/usr/share/texlive/texmf-dist/tex/generic/babel-portuges/portuges.ldf
Language: portuges 2008/03/18 v1.2q Portuguese support from the babel system
Package babel Info: \l@brazil = using hyphenrules for portuguese
(babel)             (\language3) on input line 113.
Package babel Info: Making " an active character on input line 145.
))
(/usr/share/texlive/texmf-dist/tex/latex/enumitem/enumitem.sty
Package: enumitem 2019/06/20 v3.9 Customized lists
\labelindent=\skip192
\enit@outerparindent=\dimen184
\enit@toks=\toks23
\enit@inbox=\box50
\enit@count@id=\count308
\enitdp@description=\count309
)
(/usr/share/texlive/texmf-dist/tex/latex/tools/calc.sty
Package: calc 2017/05/25 v4.3 Infix arithmetic (KKT,FJ)
\calc@Acount=\count310
\calc@Bcount=\count311
\calc@Adimen=\dimen185
\calc@Bdimen=\dimen186
\calc@Askip=\skip193
\calc@Bskip=\skip194
LaTeX Info: Redefining \setlength on input line 80.
LaTeX Info: Redefining \addtolength on input line 81.
\calc@Ccount=\count312
\calc@Cskip=\skip195
)

******************************************************
Stock height and width: 845.04684pt by 597.50787pt
Top and edge trims: 0pt and 0pt
Page height and width: 845.04684pt by 597.50787pt
Text height and width: 708pt by 455pt
Spine and edge margins: 85.35826pt and 56.9055pt
Upper and lower margins: 85.35826pt and 51.68858pt
Headheight and headsep: 14.5pt and 19.8738pt
Footskip: 30pt
Columnsep and columnseprule: 10pt and 0pt
Marginparsep and marginparwidth: 7pt and 42.9055pt
Sidecapsep and sidecapwidth: 7pt and 92pt
Sidebarhsep and sidebarwidth: 7pt and 92pt
Sidebarvsep and sidebartopsep: 14.5pt and 0pt
Sidebarheight: 590.14995pt
Sidefoothsep and sidefootwidth: 7pt and 92pt
Sidefootvsep and sidefootheight: 14.5pt and 590.14995pt
******************************************************

\c@abntex@bookmarkcounter=\count313
\cftlastnumwidth=\skip196
\chapternamenumlength=\skip197
\ABNTEXcitacaorecuo=\skip198
\c@alineasi=\count314
\c@alineasii=\count315
\enitdp@alineas=\count316
\c@subalineasi=\count317
\enitdp@subalineas=\count318
\c@incisosi=\count319
\enitdp@incisos=\count320
\ABNTEXsignwidth=\skip256
\ABNTEXsignthickness=\skip257
\ABNTEXsignskip=\skip258
) (/usr/share/texmf/tex/latex/lm/lmodern.sty
Package: lmodern 2009/10/30 v1.6 Latin Modern Fonts
LaTeX Font Info:    Overwriting symbol font `operators' in version `normal'
(Font)                  OT1/cmr/m/n --> OT1/lmr/m/n on input line 22.
LaTeX Font Info:    Overwriting symbol font `letters' in version `normal'
(Font)                  OML/cmm/m/it --> OML/lmm/m/it on input line 23.
LaTeX Font Info:    Overwriting symbol font `symbols' in version `normal'
(Font)                  OMS/cmsy/m/n --> OMS/lmsy/m/n on input line 24.
LaTeX Font Info:    Overwriting symbol font `largesymbols' in version `normal'
(Font)                  OMX/cmex/m/n --> OMX/lmex/m/n on input line 25.
LaTeX Font Info:    Overwriting symbol font `operators' in version `bold'
(Font)                  OT1/cmr/bx/n --> OT1/lmr/bx/n on input line 26.
LaTeX Font Info:    Overwriting symbol font `letters' in version `bold'
(Font)                  OML/cmm/b/it --> OML/lmm/b/it on input line 27.
LaTeX Font Info:    Overwriting symbol font `symbols' in version `bold'
(Font)                  OMS/cmsy/b/n --> OMS/lmsy/b/n on input line 28.
LaTeX Font Info:    Overwriting symbol font `largesymbols' in version `bold'
(Font)                  OMX/cmex/m/n --> OMX/lmex/m/n on input line 29.
LaTeX Font Info:    Overwriting math alphabet `\mathbf' in version `normal'
(Font)                  OT1/cmr/bx/n --> OT1/lmr/bx/n on input line 31.
LaTeX Font Info:    Overwriting math alphabet `\mathsf' in version `normal'
(Font)                  OT1/cmss/m/n --> OT1/lmss/m/n on input line 32.
LaTeX Font Info:    Overwriting math alphabet `\mathit' in version `normal'
(Font)                  OT1/cmr/m/it --> OT1/lmr/m/it on input line 33.
LaTeX Font Info:    Overwriting math alphabet `\mathtt' in version `normal'
(Font)                  OT1/cmtt/m/n --> OT1/lmtt/m/n on input line 34.
LaTeX Font Info:    Overwriting math alphabet `\mathbf' in version `bold'
(Font)                  OT1/cmr/bx/n --> OT1/lmr/bx/n on input line 35.
LaTeX Font Info:    Overwriting math alphabet `\mathsf' in version `bold'
(Font)                  OT1/cmss/bx/n --> OT1/lmss/bx/n on input line 36.
LaTeX Font Info:    Overwriting math alphabet `\mathit' in version `bold'
(Font)                  OT1/cmr/bx/it --> OT1/lmr/bx/it on input line 37.
LaTeX Font Info:    Overwriting math alphabet `\mathtt' in version `bold'
(Font)                  OT1/cmtt/m/n --> OT1/lmtt/m/n on input line 38.
)
(/usr/share/texlive/texmf-dist/tex/latex/base/fontenc.sty
Package: fontenc 2020/02/11 v2.0o Standard LaTeX package
LaTeX Font Info:    Trying to load font information for T1+lmr on input line 11
2.

(/usr/share/texmf/tex/latex/lm/t1lmr.fd
File: t1lmr.fd 2009/10/30 v1.6 Font defs for Latin Modern
))
(/usr/share/texlive/texmf-dist/tex/latex/base/inputenc.sty
Package: inputenc 2018/08/11 v1.3c Input encoding file
\inpenc@prehook=\toks24
\inpenc@posthook=\toks25
)
(/usr/share/texlive/texmf-dist/tex/latex/tools/indentfirst.sty
Package: indentfirst 1995/11/23 v1.03 Indent first paragraph (DPC)
)
(/usr/share/texlive/texmf-dist/tex/latex/graphics/color.sty
Package: color 2019/11/23 v1.2a Standard LaTeX Color (DPC)

(/usr/share/texlive/texmf-dist/tex/latex/graphics-cfg/color.cfg
File: color.cfg 2016/01/02 v1.6 sample color configuration
)
Package color Info: Driver file: pdftex.def on input line 147.

(/usr/share/texlive/texmf-dist/tex/latex/graphics-def/pdftex.def
File: pdftex.def 2018/01/08 v1.0l Graphics/color driver for pdftex
))
(/usr/share/texlive/texmf-dist/tex/latex/graphics/graphicx.sty
Package: graphicx 2019/11/30 v1.2a Enhanced LaTeX Graphics (DPC,SPQR)

(/usr/share/texlive/texmf-dist/tex/latex/graphics/graphics.sty
Package: graphics 2019/11/30 v1.4a Standard LaTeX Graphics (DPC,SPQR)

(/usr/share/texlive/texmf-dist/tex/latex/graphics/trig.sty
Package: trig 2016/01/03 v1.10 sin cos tan (DPC)
)
(/usr/share/texlive/texmf-dist/tex/latex/graphics-cfg/graphics.cfg
File: graphics.cfg 2016/06/04 v1.11 sample graphics configuration
)
Package graphics Info: Driver file: pdftex.def on input line 105.
)
\Gin@req@height=\dimen187
\Gin@req@width=\dimen188
)
(/usr/share/texlive/texmf-dist/tex/latex/microtype/microtype.sty
Package: microtype 2019/11/18 v2.7d Micro-typographical refinements (RS)
\MT@toks=\toks26
\MT@count=\count321
LaTeX Info: Redefining \textls on input line 790.
\MT@outer@kern=\dimen189
LaTeX Info: Redefining \textmicrotypecontext on input line 1354.
\MT@listname@count=\count322

(/usr/share/texlive/texmf-dist/tex/latex/microtype/microtype-pdftex.def
File: microtype-pdftex.def 2019/11/18 v2.7d Definitions specific to pdftex (RS)

LaTeX Info: Redefining \lsstyle on input line 914.
LaTeX Info: Redefining \lslig on input line 914.
\MT@outer@space=\skip259
)
Package microtype Info: Loading configuration file microtype.cfg.

(/usr/share/texlive/texmf-dist/tex/latex/microtype/microtype.cfg
File: microtype.cfg 2019/11/18 v2.7d microtype main configuration file (RS)
))
(/usr/share/texlive/texmf-dist/tex/latex/transparent/transparent.sty
Package: transparent 2019/11/29 v1.4 Transparency via pdfTeX's color stack (HO)

)
(/usr/share/texlive/texmf-dist/tex/latex/eso-pic/eso-pic.sty
Package: eso-pic 2018/04/12 v2.0h eso-pic (RN)
)
(/usr/share/texlive/texmf-dist/tex/latex/amscls/amsthm.sty
Package: amsthm 2017/10/31 v2.20.4
\thm@style=\toks27
\thm@bodyfont=\toks28
\thm@headfont=\toks29
\thm@notefont=\toks30
\thm@headpunct=\toks31
\thm@preskip=\skip260
\thm@postskip=\skip261
\thm@headsep=\skip262
\dth@everypar=\toks32
)
(/usr/share/texlive/texmf-dist/tex/latex/amsfonts/amsfonts.sty
Package: amsfonts 2013/01/14 v3.01 Basic AMSFonts support
\@emptytoks=\toks33
\symAMSa=\mathgroup4
\symAMSb=\mathgroup5
LaTeX Font Info:    Redeclaring math symbol \hbar on input line 98.
LaTeX Font Info:    Overwriting math alphabet `\mathfrak' in version `bold'
(Font)                  U/euf/m/n --> U/euf/b/n on input line 106.
)
(/usr/share/texlive/texmf-dist/tex/latex/lipsum/lipsum.sty
(/usr/share/texlive/texmf-dist/tex/latex/l3kernel/expl3.sty
Package: expl3 2020-02-14 L3 programming layer (loader) 

(/usr/share/texlive/texmf-dist/tex/latex/l3backend/l3backend-pdfmode.def
File: l3backend-pdfmode.def 2020-02-03 L3 backend support: PDF mode
\l__kernel_color_stack_int=\count323
\l__pdf_internal_box=\box51
))
(/usr/share/texlive/texmf-dist/tex/latex/l3packages/xparse/xparse.sty
Package: xparse 2020-02-14 L3 Experimental document command parser
\l__xparse_current_arg_int=\count324
\g__xparse_grabber_int=\count325
\l__xparse_m_args_int=\count326
\l__xparse_v_nesting_int=\count327
)
Package: lipsum 2019/01/02 v2.2 150 paragraphs of Lorem Ipsum dummy text

(/usr/share/texlive/texmf-dist/tex/latex/lipsum/lipsum.ltd.tex
File: lipsum.ltd.tex 2019/01/02 v2.2 The Lorem ipsum dummy text
))
(/usr/share/texlive/texmf-dist/tex/latex/hyperref/backref.sty
Package: backref 2020/01/14 v1.40 Bibliographical back referencing
)
(/usr/share/texlive/texmf-dist/tex/latex/abntex2/abntex2cite.sty
Package: abntex2cite 2018/11/24 v-1.9.7 abnTeX2

(/usr/share/texlive/texmf-dist/tex/latex/abntex2/abntex2abrev.sty)
\minimumbiblabelwidth=\skip263
\ABCIauxlen=\skip264
\c@ABCIaux=\count328
\c@ABCImax=\count329

(/usr/share/texlive/texmf-dist/tex/generic/iftex/ifpdf.sty
Package: ifpdf 2019/10/25 v3.4 ifpdf legacy package. Use iftex instead.
)
(/usr/share/texlive/texmf-dist/tex/generic/iftex/ifxetex.sty
Package: ifxetex 2019/10/25 v0.7 ifxetex legacy package. Use iftex instead.
)
(/usr/share/texlive/texmf-dist/tex/latex/relsize/relsize.sty
Package: relsize 2013/03/29 ver 4.1
)
\biblabelsep=\skip265
LaTeX Info: Redefining \newblock on input line 591.
LaTeX Info: Redefining \cite on input line 618.
\ABCItoken=\toks34
)
Package color Info: Redefining color blue on input line 52.
Package hyperref Info: Option `colorlinks' set `true' on input line 68.
\c@quadro=\count330
\c@loqdepth=\count331
\cftbeforequadroskip=\skip266
\cftquadroindent=\skip267
\cftquadronumwidth=\skip268
\ModelTCC@idxfile=\write4
\openout4 = `ModelTCC.idx'.


Writing index file ModelTCC.idx 
(./ModelTCC.aux)
\openout1 = `ModelTCC.aux'.

LaTeX Font Info:    Checking defaults for OML/cmm/m/it on input line 104.
LaTeX Font Info:    ... okay on input line 104.
LaTeX Font Info:    Checking defaults for OMS/cmsy/m/n on input line 104.
LaTeX Font Info:    ... okay on input line 104.
LaTeX Font Info:    Checking defaults for OT1/cmr/m/n on input line 104.
LaTeX Font Info:    ... okay on input line 104.
LaTeX Font Info:    Checking defaults for T1/cmr/m/n on input line 104.
LaTeX Font Info:    ... okay on input line 104.
LaTeX Font Info:    Checking defaults for TS1/cmr/m/n on input line 104.
LaTeX Font Info:    ... okay on input line 104.
LaTeX Font Info:    Checking defaults for OMX/cmex/m/n on input line 104.
LaTeX Font Info:    ... okay on input line 104.
LaTeX Font Info:    Checking defaults for U/cmr/m/n on input line 104.
LaTeX Font Info:    ... okay on input line 104.
LaTeX Font Info:    Checking defaults for PD1/pdf/m/n on input line 104.
LaTeX Font Info:    ... okay on input line 104.
\AtBeginShipoutBox=\box52
Package hyperref Info: Link coloring ON on input line 104.
 (/usr/share/texlive/texmf-dist/tex/latex/hyperref/nameref.sty
Package: nameref 2019/09/16 v2.46 Cross-referencing by name of section

(/usr/share/texlive/texmf-dist/tex/latex/refcount/refcount.sty
Package: refcount 2019/12/15 v3.6 Data extraction from label references (HO)
)
(/usr/share/texlive/texmf-dist/tex/generic/gettitlestring/gettitlestring.sty
Package: gettitlestring 2019/12/15 v1.6 Cleanup title references (HO)
)
\c@section@level=\count332
)
Redoing nameref's sectioning
Redoing nameref's label
LaTeX Info: Redefining \nameref on input line 104.
LaTeX Info: Redefining \ref on input line 104.
LaTeX Info: Redefining \pageref on input line 104.
LaTeX Info: Redefining \nameref on input line 104.
\myptabbox=\box53
\myptabboxwidth=\skip269
(/usr/share/texlive/texmf-dist/tex/context/base/mkii/supp-pdf.mkii
[Loading MPS to PDF converter (version 2006.09.02).]
\scratchcounter=\count333
\scratchdimen=\dimen190
\scratchbox=\box54
\nofMPsegments=\count334
\nofMParguments=\count335
\everyMPshowfont=\toks35
\MPscratchCnt=\count336
\MPscratchDim=\dimen191
\MPnumerator=\count337
\makeMPintoPDFobject=\count338
\everyMPtoPDFconversion=\toks36
) (/usr/share/texlive/texmf-dist/tex/latex/epstopdf-pkg/epstopdf-base.sty
Package: epstopdf-base 2020-01-24 v2.11 Base part for package epstopdf
Package epstopdf-base Info: Redefining graphics rule for `.eps' on input line 4
85.

(/usr/share/texlive/texmf-dist/tex/latex/latexconfig/epstopdf-sys.cfg
File: epstopdf-sys.cfg 2010/07/13 v1.3 Configuration of (r)epstopdf for TeX Liv
e
))
LaTeX Info: Redefining \microtypecontext on input line 104.
Package microtype Info: Generating PDF output.
Package microtype Info: Character protrusion enabled (level 2).
Package microtype Info: Using default protrusion set `alltext'.
Package microtype Info: Automatic font expansion enabled (level 2),
(microtype)             stretch: 20, shrink: 20, step: 1, non-selected.
Package microtype Info: Using default expansion set `basictext'.
LaTeX Info: Redefining \showhyphens on input line 104.
Package microtype Info: No adjustment of tracking.
Package microtype Info: No adjustment of interword spacing.
Package microtype Info: No adjustment of character kerning.

(/usr/share/texlive/texmf-dist/tex/latex/microtype/mt-cmr.cfg
File: mt-cmr.cfg 2013/05/19 v2.2 microtype config. file: Computer Modern Roman 
(RS)
)
<../Pictures/uem-modelo-04.png, id=4, 804.606pt x 110.3322pt>
File: ../Pictures/uem-modelo-04.png Graphic file (type png)
<use ../Pictures/uem-modelo-04.png>
Package pdftex.def Info: ../Pictures/uem-modelo-04.png  used on input line 110.

(pdftex.def)             Requested size: 362.06935pt x 49.64902pt.

Overfull \hbox (362.06935pt too wide) in paragraph at lines 110--111
 [][] 
 []

LaTeX Font Info:    Trying to load font information for OT1+lmr on input line 1
12.
(/usr/share/texmf/tex/latex/lm/ot1lmr.fd
File: ot1lmr.fd 2009/10/30 v1.6 Font defs for Latin Modern
)
LaTeX Font Info:    Trying to load font information for OML+lmm on input line 1
12.

(/usr/share/texmf/tex/latex/lm/omllmm.fd
File: omllmm.fd 2009/10/30 v1.6 Font defs for Latin Modern
)
LaTeX Font Info:    Trying to load font information for OMS+lmsy on input line 
112.

(/usr/share/texmf/tex/latex/lm/omslmsy.fd
File: omslmsy.fd 2009/10/30 v1.6 Font defs for Latin Modern
)
LaTeX Font Info:    Trying to load font information for OMX+lmex on input line 
112.

(/usr/share/texmf/tex/latex/lm/omxlmex.fd
File: omxlmex.fd 2009/10/30 v1.6 Font defs for Latin Modern
)
LaTeX Font Info:    External font `lmex10' loaded for size
(Font)              <12> on input line 112.
LaTeX Font Info:    External font `lmex10' loaded for size
(Font)              <8> on input line 112.
LaTeX Font Info:    External font `lmex10' loaded for size
(Font)              <6> on input line 112.
LaTeX Font Info:    Trying to load font information for U+msa on input line 112
.

(/usr/share/texlive/texmf-dist/tex/latex/amsfonts/umsa.fd
File: umsa.fd 2013/01/14 v3.01 AMS symbols A
)
(/usr/share/texlive/texmf-dist/tex/latex/microtype/mt-msa.cfg
File: mt-msa.cfg 2006/02/04 v1.1 microtype config. file: AMS symbols (a) (RS)
)
LaTeX Font Info:    Trying to load font information for U+msb on input line 112
.

(/usr/share/texlive/texmf-dist/tex/latex/amsfonts/umsb.fd
File: umsb.fd 2013/01/14 v3.01 AMS symbols B
)
(/usr/share/texlive/texmf-dist/tex/latex/microtype/mt-msb.cfg
File: mt-msb.cfg 2005/06/01 v1.0 microtype config. file: AMS symbols (b) (RS)
)
LaTeX Font Info:    Trying to load font information for T1+lmss on input line 1
20.

(/usr/share/texmf/tex/latex/lm/t1lmss.fd
File: t1lmss.fd 2009/10/30 v1.6 Font defs for Latin Modern
)
Package microtype Info: Loading generic protrusion settings for font family
(microtype)             `lmss' (encoding: T1).
(microtype)             For optimal results, create family-specific settings.
(microtype)             See the microtype manual for details.
<../Pictures/logoUEM.jpg, id=6, 578.16pt x 622.4856pt>
File: ../Pictures/logoUEM.jpg Graphic file (type jpg)
<use ../Pictures/logoUEM.jpg>
Package pdftex.def Info: ../Pictures/logoUEM.jpg  used on input line 120.
(pdftex.def)             Requested size: 809.41849pt x 871.4739pt.

Overfull \hbox (211.91061pt too wide) has occurred while \output is active
 [][] 
 []

[1

{/var/lib/texmf/fonts/map/pdftex/updmap/pdftex.map} <../Pictures/LogoUEM.jpg> <
../Pictures/uem-modelo-04.png>]
File: ../Pictures/logoUEM.jpg Graphic file (type jpg)
<use ../Pictures/logoUEM.jpg>
Package pdftex.def Info: ../Pictures/logoUEM.jpg  used on input line 120.
(pdftex.def)             Requested size: 809.41849pt x 871.4739pt.

Overfull \hbox (211.91061pt too wide) has occurred while \output is active
 [][] 
 []

[2

]pdfTeX warning (ext4): destination with the same identifier (name{page.1}) has
 been already used, duplicate ignored
<to be read again> 
                   \relax 
l.123 
      
File: ../Pictures/logoUEM.jpg Graphic file (type jpg)
<use ../Pictures/logoUEM.jpg>
Package pdftex.def Info: ../Pictures/logoUEM.jpg  used on input line 123.
(pdftex.def)             Requested size: 809.41849pt x 871.4739pt.

Overfull \hbox (211.91061pt too wide) has occurred while \output is active
 [][] 
 []

[1


]
Underfull \hbox (badness 10000) in paragraph at lines 151--151

 []


Underfull \hbox (badness 10000) in paragraph at lines 151--151

 []


Overfull \hbox (16.6597pt too wide) in paragraph at lines 151--151
[]  [] 
 []


Underfull \hbox (badness 10000) in paragraph at lines 151--151

 []

LaTeX Font Info:    External font `lmex10' loaded for size
(Font)              <10> on input line 151.
LaTeX Font Info:    External font `lmex10' loaded for size
(Font)              <7> on input line 151.
LaTeX Font Info:    External font `lmex10' loaded for size
(Font)              <5> on input line 151.
pdfTeX warning (ext4): destination with the same identifier (name{page.2}) has 
been already used, duplicate ignored
<to be read again> 
                   \relax 
l.165 
      
File: ../Pictures/logoUEM.jpg Graphic file (type jpg)
<use ../Pictures/logoUEM.jpg>
Package pdftex.def Info: ../Pictures/logoUEM.jpg  used on input line 165.
(pdftex.def)             Requested size: 809.41849pt x 871.4739pt.

Overfull \hbox (211.91061pt too wide) has occurred while \output is active
 [][] 
 []

[2]
File: ../Pictures/logoUEM.jpg Graphic file (type jpg)
<use ../Pictures/logoUEM.jpg>
Package pdftex.def Info: ../Pictures/logoUEM.jpg  used on input line 198.
(pdftex.def)             Requested size: 809.41849pt x 871.4739pt.

Overfull \hbox (211.91061pt too wide) has occurred while \output is active
 [][] 
 []

[3

]
File: ../Pictures/logoUEM.jpg Graphic file (type jpg)
<use ../Pictures/logoUEM.jpg>
Package pdftex.def Info: ../Pictures/logoUEM.jpg  used on input line 198.
(pdftex.def)             Requested size: 809.41849pt x 871.4739pt.

Overfull \hbox (211.91061pt too wide) has occurred while \output is active
 [][] 
 []

[4

]
File: ../Pictures/logoUEM.jpg Graphic file (type jpg)
<use ../Pictures/logoUEM.jpg>
Package pdftex.def Info: ../Pictures/logoUEM.jpg  used on input line 210.
(pdftex.def)             Requested size: 809.41849pt x 871.4739pt.

Overfull \hbox (211.91061pt too wide) has occurred while \output is active
 [][] 
 []

[5]
File: ../Pictures/logoUEM.jpg Graphic file (type jpg)
<use ../Pictures/logoUEM.jpg>
Package pdftex.def Info: ../Pictures/logoUEM.jpg  used on input line 210.
(pdftex.def)             Requested size: 809.41849pt x 871.4739pt.

Overfull \hbox (211.91061pt too wide) has occurred while \output is active
 [][] 
 []

[6

]
File: ../Pictures/logoUEM.jpg Graphic file (type jpg)
<use ../Pictures/logoUEM.jpg>
Package pdftex.def Info: ../Pictures/logoUEM.jpg  used on input line 219.
(pdftex.def)             Requested size: 809.41849pt x 871.4739pt.

Overfull \hbox (211.91061pt too wide) has occurred while \output is active
 [][] 
 []

[7

]
File: ../Pictures/logoUEM.jpg Graphic file (type jpg)
<use ../Pictures/logoUEM.jpg>
Package pdftex.def Info: ../Pictures/logoUEM.jpg  used on input line 219.
(pdftex.def)             Requested size: 809.41849pt x 871.4739pt.

Overfull \hbox (211.91061pt too wide) has occurred while \output is active
 [][] 
 []

[8

]
File: ../Pictures/logoUEM.jpg Graphic file (type jpg)
<use ../Pictures/logoUEM.jpg>
Package pdftex.def Info: ../Pictures/logoUEM.jpg  used on input line 234.
(pdftex.def)             Requested size: 809.41849pt x 871.4739pt.

Overfull \hbox (211.91061pt too wide) has occurred while \output is active
 [][] 
 []

[9]
File: ../Pictures/logoUEM.jpg Graphic file (type jpg)
<use ../Pictures/logoUEM.jpg>
Package pdftex.def Info: ../Pictures/logoUEM.jpg  used on input line 234.
(pdftex.def)             Requested size: 809.41849pt x 871.4739pt.

Overfull \hbox (211.91061pt too wide) has occurred while \output is active
 [][] 
 []

[10

]
File: ../Pictures/logoUEM.jpg Graphic file (type jpg)
<use ../Pictures/logoUEM.jpg>
Package pdftex.def Info: ../Pictures/logoUEM.jpg  used on input line 246.
(pdftex.def)             Requested size: 809.41849pt x 871.4739pt.

Overfull \hbox (211.91061pt too wide) has occurred while \output is active
 [][] 
 []

[11]
File: ../Pictures/logoUEM.jpg Graphic file (type jpg)
<use ../Pictures/logoUEM.jpg>
Package pdftex.def Info: ../Pictures/logoUEM.jpg  used on input line 246.
(pdftex.def)             Requested size: 809.41849pt x 871.4739pt.

Overfull \hbox (211.91061pt too wide) has occurred while \output is active
 [][] 
 []

[12

]
File: ../Pictures/logoUEM.jpg Graphic file (type jpg)
<use ../Pictures/logoUEM.jpg>
Package pdftex.def Info: ../Pictures/logoUEM.jpg  used on input line 258.
(pdftex.def)             Requested size: 809.41849pt x 871.4739pt.

Overfull \hbox (211.91061pt too wide) has occurred while \output is active
 [][] 
 []

[13]
File: ../Pictures/logoUEM.jpg Graphic file (type jpg)
<use ../Pictures/logoUEM.jpg>
Package pdftex.def Info: ../Pictures/logoUEM.jpg  used on input line 258.
(pdftex.def)             Requested size: 809.41849pt x 871.4739pt.

Overfull \hbox (211.91061pt too wide) has occurred while \output is active
 [][] 
 []

[14

] (./ModelTCC.lof)
File: ../Pictures/logoUEM.jpg Graphic file (type jpg)
<use ../Pictures/logoUEM.jpg>
Package pdftex.def Info: ../Pictures/logoUEM.jpg  used on input line 284.
(pdftex.def)             Requested size: 809.41849pt x 871.4739pt.

Overfull \hbox (211.91061pt too wide) has occurred while \output is active
 [][] 
 []

[15]
File: ../Pictures/logoUEM.jpg Graphic file (type jpg)
<use ../Pictures/logoUEM.jpg>
Package pdftex.def Info: ../Pictures/logoUEM.jpg  used on input line 284.
(pdftex.def)             Requested size: 809.41849pt x 871.4739pt.

Overfull \hbox (211.91061pt too wide) has occurred while \output is active
 [][] 
 []

[16

] (./ModelTCC.loq)
File: ../Pictures/logoUEM.jpg Graphic file (type jpg)
<use ../Pictures/logoUEM.jpg>
Package pdftex.def Info: ../Pictures/logoUEM.jpg  used on input line 292.
(pdftex.def)             Requested size: 809.41849pt x 871.4739pt.

Overfull \hbox (211.91061pt too wide) has occurred while \output is active
 [][] 
 []

[17]
File: ../Pictures/logoUEM.jpg Graphic file (type jpg)
<use ../Pictures/logoUEM.jpg>
Package pdftex.def Info: ../Pictures/logoUEM.jpg  used on input line 292.
(pdftex.def)             Requested size: 809.41849pt x 871.4739pt.

Overfull \hbox (211.91061pt too wide) has occurred while \output is active
 [][] 
 []

[18

] (./ModelTCC.lot)
File: ../Pictures/logoUEM.jpg Graphic file (type jpg)
<use ../Pictures/logoUEM.jpg>
Package pdftex.def Info: ../Pictures/logoUEM.jpg  used on input line 300.
(pdftex.def)             Requested size: 809.41849pt x 871.4739pt.

Overfull \hbox (211.91061pt too wide) has occurred while \output is active
 [][] 
 []

[19]
File: ../Pictures/logoUEM.jpg Graphic file (type jpg)
<use ../Pictures/logoUEM.jpg>
Package pdftex.def Info: ../Pictures/logoUEM.jpg  used on input line 300.
(pdftex.def)             Requested size: 809.41849pt x 871.4739pt.

Overfull \hbox (211.91061pt too wide) has occurred while \output is active
 [][] 
 []

[20

]
File: ../Pictures/logoUEM.jpg Graphic file (type jpg)
<use ../Pictures/logoUEM.jpg>
Package pdftex.def Info: ../Pictures/logoUEM.jpg  used on input line 309.
(pdftex.def)             Requested size: 809.41849pt x 871.4739pt.

Overfull \hbox (211.91061pt too wide) has occurred while \output is active
 [][] 
 []

[21

]
File: ../Pictures/logoUEM.jpg Graphic file (type jpg)
<use ../Pictures/logoUEM.jpg>
Package pdftex.def Info: ../Pictures/logoUEM.jpg  used on input line 309.
(pdftex.def)             Requested size: 809.41849pt x 871.4739pt.

Overfull \hbox (211.91061pt too wide) has occurred while \output is active
 [][] 
 []

[22

]
File: ../Pictures/logoUEM.jpg Graphic file (type jpg)
<use ../Pictures/logoUEM.jpg>
Package pdftex.def Info: ../Pictures/logoUEM.jpg  used on input line 320.
(pdftex.def)             Requested size: 809.41849pt x 871.4739pt.

Overfull \hbox (211.91061pt too wide) has occurred while \output is active
 [][] 
 []

[23

]
File: ../Pictures/logoUEM.jpg Graphic file (type jpg)
<use ../Pictures/logoUEM.jpg>
Package pdftex.def Info: ../Pictures/logoUEM.jpg  used on input line 320.
(pdftex.def)             Requested size: 809.41849pt x 871.4739pt.

Overfull \hbox (211.91061pt too wide) has occurred while \output is active
 [][] 
 []

[24

] (./ModelTCC.toc
LaTeX Font Info:    External font `lmex10' loaded for size
(Font)              <14.4> on input line 13.

Overfull \hbox (1.04105pt too wide) in paragraph at lines 15--15
 [][] [][][]\T1/lmss/bx/n/12 CONTEÚDOS ES-PE-CÍ-FI-COS DO MO-DELO DE TRA-BA-LHO
 ACA- 
 []


Overfull \hbox (6.4481pt too wide) in paragraph at lines 42--42
 [][] [][][]\T1/lmss/bx/n/12 NULLAM ELE-MEN-TUM URNA VEL IM-PER-DIET 
 []


Overfull \hbox (1.3121pt too wide) in paragraph at lines 42--42
 \T1/lmss/bx/n/12 SO-DA-LES ELIT IP-SUM PHA-RE-TRA LI-GULA AC 
 []


Underfull \vbox (badness 10000) has occurred while \output is active []

File: ../Pictures/logoUEM.jpg Graphic file (type jpg)
<use ../Pictures/logoUEM.jpg>
Package pdftex.def Info: ../Pictures/logoUEM.jpg  used on input line 55.
(pdftex.def)             Requested size: 809.41849pt x 871.4739pt.

Overfull \hbox (211.91061pt too wide) has occurred while \output is active
 [][] 
 []

[25])
File: ../Pictures/logoUEM.jpg Graphic file (type jpg)
<use ../Pictures/logoUEM.jpg>
Package pdftex.def Info: ../Pictures/logoUEM.jpg  used on input line 328.
(pdftex.def)             Requested size: 809.41849pt x 871.4739pt.

Overfull \hbox (211.91061pt too wide) has occurred while \output is active
 [][] 
 []

[26]
File: ../Pictures/logoUEM.jpg Graphic file (type jpg)
<use ../Pictures/logoUEM.jpg>
Package pdftex.def Info: ../Pictures/logoUEM.jpg  used on input line 348.
(pdftex.def)             Requested size: 809.41849pt x 871.4739pt.

Overfull \hbox (211.91061pt too wide) has occurred while \output is active
 [][] 
 []

[27


]
File: ../Pictures/logoUEM.jpg Graphic file (type jpg)
<use ../Pictures/logoUEM.jpg>
Package pdftex.def Info: ../Pictures/logoUEM.jpg  used on input line 348.
(pdftex.def)             Requested size: 809.41849pt x 871.4739pt.

Overfull \hbox (211.91061pt too wide) has occurred while \output is active
 [][] 
 []

[28

]
File: ../Pictures/logoUEM.jpg Graphic file (type jpg)
<use ../Pictures/logoUEM.jpg>
Package pdftex.def Info: ../Pictures/logoUEM.jpg  used on input line 348.
(pdftex.def)             Requested size: 809.41849pt x 871.4739pt.

Overfull \hbox (211.91061pt too wide) has occurred while \output is active
 [][] 
 []

[29]
File: ../Pictures/logoUEM.jpg Graphic file (type jpg)
<use ../Pictures/logoUEM.jpg>
Package pdftex.def Info: ../Pictures/logoUEM.jpg  used on input line 348.
(pdftex.def)             Requested size: 809.41849pt x 871.4739pt.

Overfull \hbox (211.91061pt too wide) has occurred while \output is active
 [][] 
 []

[30]
File: ../Pictures/logoUEM.jpg Graphic file (type jpg)
<use ../Pictures/logoUEM.jpg>
Package pdftex.def Info: ../Pictures/logoUEM.jpg  used on input line 355.
(pdftex.def)             Requested size: 809.41849pt x 871.4739pt.

Overfull \hbox (211.91061pt too wide) has occurred while \output is active
 [][] 
 []

[31

]
File: ../Pictures/logoUEM.jpg Graphic file (type jpg)
<use ../Pictures/logoUEM.jpg>
Package pdftex.def Info: ../Pictures/logoUEM.jpg  used on input line 355.
(pdftex.def)             Requested size: 809.41849pt x 871.4739pt.

Overfull \hbox (211.91061pt too wide) has occurred while \output is active
 [][] 
 []

[32

]
File: ../Pictures/logoUEM.jpg Graphic file (type jpg)
<use ../Pictures/logoUEM.jpg>
Package pdftex.def Info: ../Pictures/logoUEM.jpg  used on input line 355.
(pdftex.def)             Requested size: 809.41849pt x 871.4739pt.

Overfull \hbox (211.91061pt too wide) has occurred while \output is active
 [][] 
 []

[33]
File: ../Pictures/logoUEM.jpg Graphic file (type jpg)
<use ../Pictures/logoUEM.jpg>
Package pdftex.def Info: ../Pictures/logoUEM.jpg  used on input line 355.
(pdftex.def)             Requested size: 809.41849pt x 871.4739pt.

Overfull \hbox (211.91061pt too wide) has occurred while \output is active
 [][] 
 []

[34]
File: ../Pictures/logoUEM.jpg Graphic file (type jpg)
<use ../Pictures/logoUEM.jpg>
Package pdftex.def Info: ../Pictures/logoUEM.jpg  used on input line 361.
(pdftex.def)             Requested size: 809.41849pt x 871.4739pt.

Overfull \hbox (211.91061pt too wide) has occurred while \output is active
 [][] 
 []

[35

]
File: ../Pictures/logoUEM.jpg Graphic file (type jpg)
<use ../Pictures/logoUEM.jpg>
Package pdftex.def Info: ../Pictures/logoUEM.jpg  used on input line 361.
(pdftex.def)             Requested size: 809.41849pt x 871.4739pt.

Overfull \hbox (211.91061pt too wide) has occurred while \output is active
 [][] 
 []

[36

]
File: ../Pictures/logoUEM.jpg Graphic file (type jpg)
<use ../Pictures/logoUEM.jpg>
Package pdftex.def Info: ../Pictures/logoUEM.jpg  used on input line 361.
(pdftex.def)             Requested size: 809.41849pt x 871.4739pt.

Overfull \hbox (211.91061pt too wide) has occurred while \output is active
 [][] 
 []

[37]
File: ../Pictures/logoUEM.jpg Graphic file (type jpg)
<use ../Pictures/logoUEM.jpg>
Package pdftex.def Info: ../Pictures/logoUEM.jpg  used on input line 361.
(pdftex.def)             Requested size: 809.41849pt x 871.4739pt.

Overfull \hbox (211.91061pt too wide) has occurred while \output is active
 [][] 
 []

[38]
File: ../Pictures/logoUEM.jpg Graphic file (type jpg)
<use ../Pictures/logoUEM.jpg>
Package pdftex.def Info: ../Pictures/logoUEM.jpg  used on input line 368.
(pdftex.def)             Requested size: 809.41849pt x 871.4739pt.

Overfull \hbox (211.91061pt too wide) has occurred while \output is active
 [][] 
 []

[39

]
File: ../Pictures/logoUEM.jpg Graphic file (type jpg)
<use ../Pictures/logoUEM.jpg>
Package pdftex.def Info: ../Pictures/logoUEM.jpg  used on input line 368.
(pdftex.def)             Requested size: 809.41849pt x 871.4739pt.

Overfull \hbox (211.91061pt too wide) has occurred while \output is active
 [][] 
 []

[40

]
File: ../Pictures/logoUEM.jpg Graphic file (type jpg)
<use ../Pictures/logoUEM.jpg>
Package pdftex.def Info: ../Pictures/logoUEM.jpg  used on input line 373.
(pdftex.def)             Requested size: 809.41849pt x 871.4739pt.

Overfull \hbox (211.91061pt too wide) has occurred while \output is active
 [][] 
 []

[41]
File: ../Pictures/logoUEM.jpg Graphic file (type jpg)
<use ../Pictures/logoUEM.jpg>
Package pdftex.def Info: ../Pictures/logoUEM.jpg  used on input line 373.
(pdftex.def)             Requested size: 809.41849pt x 871.4739pt.

Overfull \hbox (211.91061pt too wide) has occurred while \output is active
 [][] 
 []

[42

]
No file ModelTCC.bbl.
File: ../Pictures/logoUEM.jpg Graphic file (type jpg)
<use ../Pictures/logoUEM.jpg>
Package pdftex.def Info: ../Pictures/logoUEM.jpg  used on input line 382.
(pdftex.def)             Requested size: 809.41849pt x 871.4739pt.

Overfull \hbox (211.91061pt too wide) has occurred while \output is active
 [][] 
 []

[43]
File: ../Pictures/logoUEM.jpg Graphic file (type jpg)
<use ../Pictures/logoUEM.jpg>
Package pdftex.def Info: ../Pictures/logoUEM.jpg  used on input line 382.
(pdftex.def)             Requested size: 809.41849pt x 871.4739pt.

Overfull \hbox (211.91061pt too wide) has occurred while \output is active
 [][] 
 []

[44

]

Package hyperref Warning: Token not allowed in a PDF string (PDFDocEncoding):
(hyperref)                removing `\uppercase' on input line 382.

File: ../Pictures/logoUEM.jpg Graphic file (type jpg)
<use ../Pictures/logoUEM.jpg>
Package pdftex.def Info: ../Pictures/logoUEM.jpg  used on input line 382.
(pdftex.def)             Requested size: 809.41849pt x 871.4739pt.

Overfull \hbox (211.91061pt too wide) has occurred while \output is active
 [][] 
 []

[45

]
File: ../Pictures/logoUEM.jpg Graphic file (type jpg)
<use ../Pictures/logoUEM.jpg>
Package pdftex.def Info: ../Pictures/logoUEM.jpg  used on input line 382.
(pdftex.def)             Requested size: 809.41849pt x 871.4739pt.

Overfull \hbox (211.91061pt too wide) has occurred while \output is active
 [][] 
 []

[46]
File: ../Pictures/logoUEM.jpg Graphic file (type jpg)
<use ../Pictures/logoUEM.jpg>
Package pdftex.def Info: ../Pictures/logoUEM.jpg  used on input line 385.
(pdftex.def)             Requested size: 809.41849pt x 871.4739pt.

Overfull \hbox (211.91061pt too wide) has occurred while \output is active
 [][] 
 []

[47

]
File: ../Pictures/logoUEM.jpg Graphic file (type jpg)
<use ../Pictures/logoUEM.jpg>
Package pdftex.def Info: ../Pictures/logoUEM.jpg  used on input line 385.
(pdftex.def)             Requested size: 809.41849pt x 871.4739pt.

Overfull \hbox (211.91061pt too wide) has occurred while \output is active
 [][] 
 []

[48

]
File: ../Pictures/logoUEM.jpg Graphic file (type jpg)
<use ../Pictures/logoUEM.jpg>
Package pdftex.def Info: ../Pictures/logoUEM.jpg  used on input line 393.
(pdftex.def)             Requested size: 809.41849pt x 871.4739pt.

Overfull \hbox (211.91061pt too wide) has occurred while \output is active
 [][] 
 []

[49]
File: ../Pictures/logoUEM.jpg Graphic file (type jpg)
<use ../Pictures/logoUEM.jpg>
Package pdftex.def Info: ../Pictures/logoUEM.jpg  used on input line 393.
(pdftex.def)             Requested size: 809.41849pt x 871.4739pt.

Overfull \hbox (211.91061pt too wide) has occurred while \output is active
 [][] 
 []

[50

]

Package hyperref Warning: Token not allowed in a PDF string (PDFDocEncoding):
(hyperref)                removing `\uppercase' on input line 393.

File: ../Pictures/logoUEM.jpg Graphic file (type jpg)
<use ../Pictures/logoUEM.jpg>
Package pdftex.def Info: ../Pictures/logoUEM.jpg  used on input line 393.
(pdftex.def)             Requested size: 809.41849pt x 871.4739pt.

Overfull \hbox (211.91061pt too wide) has occurred while \output is active
 [][] 
 []

[51

]
File: ../Pictures/logoUEM.jpg Graphic file (type jpg)
<use ../Pictures/logoUEM.jpg>
Package pdftex.def Info: ../Pictures/logoUEM.jpg  used on input line 393.
(pdftex.def)             Requested size: 809.41849pt x 871.4739pt.

Overfull \hbox (211.91061pt too wide) has occurred while \output is active
 [][] 
 []

[52]
File: ../Pictures/logoUEM.jpg Graphic file (type jpg)
<use ../Pictures/logoUEM.jpg>
Package pdftex.def Info: ../Pictures/logoUEM.jpg  used on input line 396.
(pdftex.def)             Requested size: 809.41849pt x 871.4739pt.

Overfull \hbox (211.91061pt too wide) has occurred while \output is active
 [][] 
 []

[53

]
File: ../Pictures/logoUEM.jpg Graphic file (type jpg)
<use ../Pictures/logoUEM.jpg>
Package pdftex.def Info: ../Pictures/logoUEM.jpg  used on input line 396.
(pdftex.def)             Requested size: 809.41849pt x 871.4739pt.

Overfull \hbox (211.91061pt too wide) has occurred while \output is active
 [][] 
 []

[54

]
File: ../Pictures/logoUEM.jpg Graphic file (type jpg)
<use ../Pictures/logoUEM.jpg>
Package pdftex.def Info: ../Pictures/logoUEM.jpg  used on input line 399.
(pdftex.def)             Requested size: 809.41849pt x 871.4739pt.

Overfull \hbox (211.91061pt too wide) has occurred while \output is active
 [][] 
 []

[55]
File: ../Pictures/logoUEM.jpg Graphic file (type jpg)
<use ../Pictures/logoUEM.jpg>
Package pdftex.def Info: ../Pictures/logoUEM.jpg  used on input line 399.
(pdftex.def)             Requested size: 809.41849pt x 871.4739pt.

Overfull \hbox (211.91061pt too wide) has occurred while \output is active
 [][] 
 []

[56

]
No file ModelTCC.ind.
File: ../Pictures/logoUEM.jpg Graphic file (type jpg)
<use ../Pictures/logoUEM.jpg>
Package pdftex.def Info: ../Pictures/logoUEM.jpg  used on input line 406.
(pdftex.def)             Requested size: 809.41849pt x 871.4739pt.

Overfull \hbox (211.91061pt too wide) has occurred while \output is active
 [][] 
 []

[57]
\tf@lof=\write5
\openout5 = `ModelTCC.lof'.

\tf@loq=\write6
\openout6 = `ModelTCC.loq'.

\tf@lot=\write7
\openout7 = `ModelTCC.lot'.

\tf@toc=\write8
\openout8 = `ModelTCC.toc'.

Package atveryend Info: Empty hook `BeforeClearDocument' on input line 406.
Package atveryend Info: Empty hook `AfterLastShipout' on input line 406.
 (./ModelTCC.aux)
Package atveryend Info: Executing hook `AtVeryEndDocument' on input line 406.
Package atveryend Info: Empty hook `AtEndAfterFileList' on input line 406.
Package atveryend Info: Empty hook `AtVeryVeryEnd' on input line 406.
 ) 
Here is how much of TeX's memory you used:
 13898 strings out of 483122
 219216 string characters out of 5964496
 703770 words of memory out of 5000000
 28485 multiletter control sequences out of 15000+600000
 607622 words of font info for 101 fonts, out of 8000000 for 9000
 38 hyphenation exceptions out of 8191
 42i,14n,43p,377b,508s stack positions out of 5000i,500n,10000p,200000b,80000s
{/usr/share/texmf/fonts/enc/dvips/lm/lm-ec.enc}{/usr/share/texmf/fonts/enc/dv
ips/lm/lm-mathsy.enc}{/usr/share/texmf/fonts/enc/dvips/lm/lm-mathit.enc}{/usr/s
hare/texmf/fonts/enc/dvips/lm/lm-rm.enc}</usr/share/texmf/fonts/type1/public/lm
/lmbx12.pfb></usr/share/texmf/fonts/type1/public/lm/lmmi12.pfb></usr/share/texm
f/fonts/type1/public/lm/lmr10.pfb></usr/share/texmf/fonts/type1/public/lm/lmr12
.pfb></usr/share/texmf/fonts/type1/public/lm/lmri12.pfb></usr/share/texmf/fonts
/type1/public/lm/lmss10.pfb></usr/share/texmf/fonts/type1/public/lm/lmss12.pfb>
</usr/share/texmf/fonts/type1/public/lm/lmss17.pfb></usr/share/texmf/fonts/type
1/public/lm/lmssbx10.pfb></usr/share/texmf/fonts/type1/public/lm/lmsy10.pfb>
Output written on ModelTCC.pdf (59 pages, 376398 bytes).
PDF statistics:
 514 PDF objects out of 1000 (max. 8388607)
 435 compressed objects within 5 object streams
 112 named destinations out of 1000 (max. 500000)
 28435 words of extra memory for PDF output out of 29859 (max. 10000000)

